Initializing document watcher...
Detected change in configuration: {}
/home/zhou/b.java: {}
Detected change in configuration: {}
/home/zhou/b.java: Using EditorConfig core...
/home/zhou/b.java: Using EditorConfig core...
/home/zhou/b.java: Using EditorConfig core...
/home/zhou/b.java: Using EditorConfig core...
/home/zhou/b.java: Using EditorConfig core...
/home/zhou/b.java: Using EditorConfig core...
/home/zhou/b.java: Using EditorConfig core...
/home/zhou/b.java: Using EditorConfig core...
/home/zhou/b.java: Using EditorConfig core...
/home/zhou/b.java: Using EditorConfig core...
/home/zhou/b.java: Using EditorConfig core...
/home/zhou/b.java: Using EditorConfig core...
/home/zhou/b.java: Using EditorConfig core...
/home/zhou/b.java: Using EditorConfig core...
/home/zhou/b.java: Using EditorConfig core...
/home/zhou/b.java: Using EditorConfig core...
/home/zhou/b.java: Using EditorConfig core...
/home/zhou/b.java: Using EditorConfig core...
/home/zhou/b.java: Using EditorConfig core...
/home/zhou/b.java: Using EditorConfig core...
/home/zhou/b.java: Using EditorConfig core...
/home/zhou/b.java: Using EditorConfig core...
/home/zhou/b.java: Using EditorConfig core...
/home/zhou/b.java: Using EditorConfig core...
/home/zhou/b.java: Using EditorConfig core...
/home/zhou/b.java: Using EditorConfig core...
/home/zhou/b.java: Using EditorConfig core...
/home/zhou/b.java: Using EditorConfig core...
/home/zhou/b.java: Using EditorConfig core...
/home/zhou/b.java: Using EditorConfig core...
/home/zhou/b.java: Using EditorConfig core...
/home/zhou/b.java: Using EditorConfig core...
/home/zhou/b.java: Using EditorConfig core...
/home/zhou/b.java: Using EditorConfig core...
/home/zhou/b.java: Using EditorConfig core...
/home/zhou/b.java: Using EditorConfig core...
/home/zhou/b.java: Using EditorConfig core...
/home/zhou/b.java: Using EditorConfig core...
/home/zhou/b.java: Using EditorConfig core...
/home/zhou/b.java: Using EditorConfig core...
/home/zhou/b.java: Using EditorConfig core...
/home/zhou/b.java: Using EditorConfig core...
/home/zhou/b.java: Using EditorConfig core...
/home/zhou/b.java: Using EditorConfig core...
/home/zhou/b.java: Using EditorConfig core...
/home/zhou/b.java: Using EditorConfig core...
/home/zhou/b.java: Using EditorConfig core...
/home/zhou/b.java: Using EditorConfig core...
/home/zhou/b.java: Using EditorConfig core...
/home/zhou/b.java: Using EditorConfig core...
/home/zhou/b.java: Using EditorConfig core...
/home/zhou/b.java: Using EditorConfig core...
/home/zhou/b.java: Using EditorConfig core...
/home/zhou/b.java: Using EditorConfig core...
/home/zhou/b.java: Using EditorConfig core...
/home/zhou/b.java: Using EditorConfig core...
/home/zhou/b.java: Using EditorConfig core...
/home/zhou/b.java: Using EditorConfig core...
/home/zhou/b.java: Using EditorConfig core...
/home/zhou/b.java: Using EditorConfig core...
/home/zhou/b.java: Using EditorConfig core...
/home/zhou/b.java: Using EditorConfig core...
/home/zhou/b.java: Using EditorConfig core...
/home/zhou/b.java: Using EditorConfig core...
/home/zhou/b.java: Using EditorConfig core...
/home/zhou/b.java: Using EditorConfig core...
/home/zhou/b.java: Using EditorConfig core...
/home/zhou/b.java: Using EditorConfig core...
/home/zhou/b.java: Using EditorConfig core...
/home/zhou/b.java: Using EditorConfig core...
extension-output-#12: {}
/home/zhou/b.java: {}
/home/zhou/b.java: {}
extension-output-#12: {}
/home/zhou/b.java: {}
/home/zhou/b.java: {}
/home/zhou/b.java: {}
/home/zhou/b.java: Using EditorConfig core...
/home/zhou/b.java: Using EditorConfig core...
/home/zhou/b.java: Using EditorConfig core...
/home/zhou/b.java: Using EditorConfig core...
/home/zhou/b.java: Using EditorConfig core...
/home/zhou/b.java: Using EditorConfig core...
/home/zhou/b.java: Using EditorConfig core...
/home/zhou/b.java: Using EditorConfig core...
/home/zhou/b.java: Using EditorConfig core...
/home/zhou/b.java: Using EditorConfig core...
/home/zhou/b.java: Using EditorConfig core...
/home/zhou/b.java: Using EditorConfig core...
/home/zhou/b.java: Using EditorConfig core...
/home/zhou/b.java: Using EditorConfig core...
/home/zhou/b.java: Using EditorConfig core...
/home/zhou/b.java: Using EditorConfig core...
/home/zhou/b.java: Using EditorConfig core...
/home/zhou/b.java: Using EditorConfig core...
/home/zhou/b.java: Using EditorConfig core...
/home/zhou/b.java: Using EditorConfig core...
/home/zhou/b.java: Using EditorConfig core...
/home/zhou/b.java: Using EditorConfig core...
/home/zhou/b.java: Using EditorConfig core...
/home/zhou/b.java: Using EditorConfig core...
/home/zhou/b.java: Using EditorConfig core...
/home/zhou/b.java: Using EditorConfig core...
/home/zhou/b.java: Using EditorConfig core...
/home/zhou/b.java: Using EditorConfig core...
/home/zhou/b.java: Using EditorConfig core...
/home/zhou/b.java: Using EditorConfig core...
/home/zhou/b.java: Using EditorConfig core...
/home/zhou/b.java: Using EditorConfig core...
/home/zhou/b.java: Using EditorConfig core...
/home/zhou/b.java: Using EditorConfig core...
/home/zhou/b.java: Using EditorConfig core...
/home/zhou/b.java: Using EditorConfig core...
/home/zhou/b.java: Using EditorConfig core...
/home/zhou/b.java: Using EditorConfig core...
/home/zhou/b.java: Using EditorConfig core...
/home/zhou/b.java: Using EditorConfig core...
/home/zhou/b.java: Using EditorConfig core...
/home/zhou/b.java: Using EditorConfig core...
/home/zhou/b.java: Using EditorConfig core...
/home/zhou/b.java: Using EditorConfig core...
/home/zhou/b.java: Using EditorConfig core...
/home/zhou/b.java: {}
/home/zhou/b.java: {}
/home/zhou/b.java: {}
/home/zhou/b.java: Using EditorConfig core...
/home/zhou/b.java: Using EditorConfig core...
/home/zhou/b.java: Using EditorConfig core...
/home/zhou/b.java: Using EditorConfig core...
extension-output-#12: {}
extension-output-#12: {}
/home/zhou/B.java: {}
/home/zhou/B.java: {}
/home/zhou/B.java: Using EditorConfig core...
/home/zhou/B.java: Using EditorConfig core...
/home/zhou/B.java: Using EditorConfig core...
/home/zhou/B.java: Using EditorConfig core...
/home/zhou/B.java: Using EditorConfig core...
extension-output-#12: {}
/home/zhou/B.java: Using EditorConfig core...
/home/zhou/B.java: Using EditorConfig core...
/home/zhou/B.java: {}
extension-output-#12: {}
extension-output-#12: {}
No more open editors.
Detected change in configuration: {}
/home/zhou/B.java: {}
