[2019-06-11 21:38:23.497] [sharedprocess] [info] main {"machineId":"d89494a614c74e15b7970e35dd1a7449f26eeb490da8a31d1299fa52a9fd8c60"}
[2019-06-11 21:38:23.882] [sharedprocess] [info] Scanned system extensions: 72
[2019-06-11 21:38:23.939] [sharedprocess] [info] Scanned system extensions: 72
[2019-06-11 21:38:23.942] [sharedprocess] [info] Scanned system extensions: 72
[2019-06-11 21:38:24.041] [sharedprocess] [info] Scanned user extensions: 109
[2019-06-11 21:38:24.058] [sharedprocess] [info] Scanned user extensions: 109
[2019-06-11 21:38:24.076] [sharedprocess] [info] Scanned user extensions: 109
[2019-06-11 21:38:24.309] [sharedprocess] [info] Scanned system extensions: 72
[2019-06-11 21:38:24.410] [sharedprocess] [info] Scanned user extensions: 109
[2019-06-11 21:38:24.520] [sharedprocess] [info] Scanned system extensions: 72
[2019-06-11 21:38:24.581] [sharedprocess] [info] Scanned user extensions: 109
[2019-06-11 21:38:24.606] [sharedprocess] [info] Scanned user extensions: 109
[2019-06-11 21:39:03.509] [sharedprocess] [info] Starting to clean up unused language packs.
[2019-06-11 21:39:03.512] [sharedprocess] [info] Skipping directory 9be93140a707fd39d5a6177d688fd843.zh-cn. Language pack still in use.
[2019-06-11 21:43:24.820] [sharedprocess] [info] Scanned user extensions: 109
[2019-06-11 21:48:24.915] [sharedprocess] [info] Scanned user extensions: 109
[2019-06-11 21:53:25.031] [sharedprocess] [info] Scanned user extensions: 109
[2019-06-11 21:58:25.189] [sharedprocess] [info] Scanned user extensions: 109
[2019-06-11 22:03:26.197] [sharedprocess] [info] Scanned user extensions: 109
[2019-06-11 22:08:26.308] [sharedprocess] [info] Scanned user extensions: 109
[2019-06-11 22:13:26.425] [sharedprocess] [info] Scanned user extensions: 109
[2019-06-11 22:18:26.556] [sharedprocess] [info] Scanned user extensions: 109
[2019-06-11 22:23:26.669] [sharedprocess] [info] Scanned user extensions: 109
[2019-06-11 22:28:26.772] [sharedprocess] [info] Scanned user extensions: 109
[2019-06-11 22:33:26.862] [sharedprocess] [info] Scanned user extensions: 109
[2019-06-11 22:38:26.953] [sharedprocess] [info] Scanned user extensions: 109
[2019-06-11 22:43:27.066] [sharedprocess] [info] Scanned user extensions: 109
[2019-06-11 22:48:27.169] [sharedprocess] [info] Scanned user extensions: 109
[2019-06-11 22:53:27.268] [sharedprocess] [info] Scanned user extensions: 109
[2019-06-11 22:58:27.391] [sharedprocess] [info] Scanned user extensions: 109
[2019-06-11 23:03:31.709] [sharedprocess] [info] Scanned user extensions: 109
[2019-06-11 23:08:31.806] [sharedprocess] [info] Scanned user extensions: 109
[2019-06-11 23:13:31.959] [sharedprocess] [info] Scanned user extensions: 109
[2019-06-11 23:18:32.070] [sharedprocess] [info] Scanned user extensions: 109
[2019-06-11 23:23:32.164] [sharedprocess] [info] Scanned user extensions: 109
