[Error - 下午9:15:30] Request textDocument/codeAction failed.
  Message: Internal error.
  Code: -32603 
java.util.concurrent.CompletionException: java.lang.ArrayIndexOutOfBoundsException: -1
	at java.util.concurrent.CompletableFuture.encodeThrowable(CompletableFuture.java:273)
	at java.util.concurrent.CompletableFuture.completeThrowable(CompletableFuture.java:280)
	at java.util.concurrent.CompletableFuture.uniApply(CompletableFuture.java:604)
	at java.util.concurrent.CompletableFuture$UniApply.tryFire(CompletableFuture.java:577)
	at java.util.concurrent.CompletableFuture$Completion.exec(CompletableFuture.java:443)
	at java.util.concurrent.ForkJoinTask.doExec(ForkJoinTask.java:289)
	at java.util.concurrent.ForkJoinPool$WorkQueue.runTask(ForkJoinPool.java:1056)
	at java.util.concurrent.ForkJoinPool.runWorker(ForkJoinPool.java:1692)
	at java.util.concurrent.ForkJoinWorkerThread.run(ForkJoinWorkerThread.java:157)
Caused by: java.lang.ArrayIndexOutOfBoundsException: -1
	at org.eclipse.jdt.internal.core.dom.rewrite.ASTRewriteAnalyzer$ParagraphListRewriter.getNode(ASTRewriteAnalyzer.java:1135)
	at org.eclipse.jdt.internal.core.dom.rewrite.ASTRewriteAnalyzer$SwitchListLabeledRuleRewriter.getNodeIndent(ASTRewriteAnalyzer.java:3580)
	at org.eclipse.jdt.internal.core.dom.rewrite.ASTRewriteAnalyzer$ListRewriter.rewriteList(ASTRewriteAnalyzer.java:665)
	at org.eclipse.jdt.internal.core.dom.rewrite.ASTRewriteAnalyzer$ListRewriter.rewriteList(ASTRewriteAnalyzer.java:820)
	at org.eclipse.jdt.internal.core.dom.rewrite.ASTRewriteAnalyzer.visit(ASTRewriteAnalyzer.java:3752)
	at org.eclipse.jdt.core.dom.SwitchStatement.accept0(SwitchStatement.java:161)
	at org.eclipse.jdt.core.dom.ASTNode.accept(ASTNode.java:2836)
	at org.eclipse.jdt.core.dom.rewrite.ASTRewrite.internalRewriteAST(ASTRewrite.java:305)
	at org.eclipse.jdt.core.dom.rewrite.ASTRewrite.rewriteAST(ASTRewrite.java:294)
	at org.eclipse.jdt.internal.corext.refactoring.structure.CompilationUnitRewrite.attachChange(CompilationUnitRewrite.java:281)
	at org.eclipse.jdt.internal.corext.refactoring.structure.CompilationUnitRewrite.createChange(CompilationUnitRewrite.java:244)
	at org.eclipse.jdt.ls.core.internal.corext.refactoring.code.ExtractTempRefactoring.checkFinalConditions(ExtractTempRefactoring.java:524)
	at org.eclipse.jdt.ls.core.internal.corrections.proposals.RefactoringCorrectionProposal.createTextChange(RefactoringCorrectionProposal.java:51)
	at org.eclipse.jdt.ls.core.internal.corrections.proposals.CUCorrectionProposal.createChange(CUCorrectionProposal.java:145)
	at org.eclipse.jdt.ls.core.internal.corrections.proposals.ChangeCorrectionProposal.getChange(ChangeCorrectionProposal.java:154)
	at org.eclipse.jdt.ls.core.internal.handlers.CodeActionHandler.getCodeActionFromProposal(CodeActionHandler.java:134)
	at org.eclipse.jdt.ls.core.internal.handlers.CodeActionHandler.getCodeActionCommands(CodeActionHandler.java:116)
	at org.eclipse.jdt.ls.core.internal.handlers.JDTLanguageServer.lambda$13(JDTLanguageServer.java:580)
	at org.eclipse.jdt.ls.core.internal.handlers.JDTLanguageServer.lambda$39(JDTLanguageServer.java:875)
	at java.util.concurrent.CompletableFuture.uniApply(CompletableFuture.java:602)
	... 6 more

[Error - 下午9:20:05] Request textDocument/codeAction failed.
  Message: Internal error.
  Code: -32603 
java.util.concurrent.CompletionException: java.lang.ArrayIndexOutOfBoundsException: -1
	at java.util.concurrent.CompletableFuture.encodeThrowable(CompletableFuture.java:273)
	at java.util.concurrent.CompletableFuture.completeThrowable(CompletableFuture.java:280)
	at java.util.concurrent.CompletableFuture.uniApply(CompletableFuture.java:604)
	at java.util.concurrent.CompletableFuture$UniApply.tryFire(CompletableFuture.java:577)
	at java.util.concurrent.CompletableFuture$Completion.exec(CompletableFuture.java:443)
	at java.util.concurrent.ForkJoinTask.doExec(ForkJoinTask.java:289)
	at java.util.concurrent.ForkJoinPool$WorkQueue.runTask(ForkJoinPool.java:1056)
	at java.util.concurrent.ForkJoinPool.runWorker(ForkJoinPool.java:1692)
	at java.util.concurrent.ForkJoinWorkerThread.run(ForkJoinWorkerThread.java:157)
Caused by: java.lang.ArrayIndexOutOfBoundsException: -1
	at org.eclipse.jdt.internal.core.dom.rewrite.ASTRewriteAnalyzer$ParagraphListRewriter.getNode(ASTRewriteAnalyzer.java:1135)
	at org.eclipse.jdt.internal.core.dom.rewrite.ASTRewriteAnalyzer$SwitchListLabeledRuleRewriter.getNodeIndent(ASTRewriteAnalyzer.java:3580)
	at org.eclipse.jdt.internal.core.dom.rewrite.ASTRewriteAnalyzer$ListRewriter.rewriteList(ASTRewriteAnalyzer.java:665)
	at org.eclipse.jdt.internal.core.dom.rewrite.ASTRewriteAnalyzer$ListRewriter.rewriteList(ASTRewriteAnalyzer.java:820)
	at org.eclipse.jdt.internal.core.dom.rewrite.ASTRewriteAnalyzer.visit(ASTRewriteAnalyzer.java:3752)
	at org.eclipse.jdt.core.dom.SwitchStatement.accept0(SwitchStatement.java:161)
	at org.eclipse.jdt.core.dom.ASTNode.accept(ASTNode.java:2836)
	at org.eclipse.jdt.core.dom.rewrite.ASTRewrite.internalRewriteAST(ASTRewrite.java:305)
	at org.eclipse.jdt.core.dom.rewrite.ASTRewrite.rewriteAST(ASTRewrite.java:294)
	at org.eclipse.jdt.internal.corext.refactoring.structure.CompilationUnitRewrite.attachChange(CompilationUnitRewrite.java:281)
	at org.eclipse.jdt.internal.corext.refactoring.structure.CompilationUnitRewrite.createChange(CompilationUnitRewrite.java:244)
	at org.eclipse.jdt.ls.core.internal.corext.refactoring.code.ExtractTempRefactoring.checkFinalConditions(ExtractTempRefactoring.java:524)
	at org.eclipse.jdt.ls.core.internal.corrections.proposals.RefactoringCorrectionProposal.createTextChange(RefactoringCorrectionProposal.java:51)
	at org.eclipse.jdt.ls.core.internal.corrections.proposals.CUCorrectionProposal.createChange(CUCorrectionProposal.java:145)
	at org.eclipse.jdt.ls.core.internal.corrections.proposals.ChangeCorrectionProposal.getChange(ChangeCorrectionProposal.java:154)
	at org.eclipse.jdt.ls.core.internal.handlers.CodeActionHandler.getCodeActionFromProposal(CodeActionHandler.java:134)
	at org.eclipse.jdt.ls.core.internal.handlers.CodeActionHandler.getCodeActionCommands(CodeActionHandler.java:116)
	at org.eclipse.jdt.ls.core.internal.handlers.JDTLanguageServer.lambda$13(JDTLanguageServer.java:580)
	at org.eclipse.jdt.ls.core.internal.handlers.JDTLanguageServer.lambda$39(JDTLanguageServer.java:875)
	at java.util.concurrent.CompletableFuture.uniApply(CompletableFuture.java:602)
	... 6 more

