[2019-06-11 21:38:22.427] [exthost] [info] extension host started
[2019-06-11 21:38:22.485] [exthost] [info] ExtensionService#_doActivateExtension faustinoaq.javac-linter {"startup":false,"activationEvent":"onLanguage:java"}
[2019-06-11 21:38:22.485] [exthost] [info] ExtensionService#loadCommonJSModule /home/zhou/.vscode/extensions/faustinoaq.javac-linter-1.3.1/out/src/Main
[2019-06-11 21:38:22.488] [exthost] [info] ExtensionService#_doActivateExtension GabrielBB.vscode-lombok {"startup":false,"activationEvent":"onLanguage:java"}
[2019-06-11 21:38:22.488] [exthost] [info] ExtensionService#loadCommonJSModule /home/zhou/.vscode/extensions/gabrielbb.vscode-lombok-0.9.8/out/index
[2019-06-11 21:38:22.492] [exthost] [info] ExtensionService#_doActivateExtension redhat.java {"startup":false,"activationEvent":"onLanguage:java"}
[2019-06-11 21:38:22.492] [exthost] [info] ExtensionService#loadCommonJSModule /home/zhou/.vscode/extensions/redhat.java-0.46.0/dist/extension
[2019-06-11 21:38:22.552] [exthost] [info] ExtensionService#_doActivateExtension VisualStudioExptTeam.vscodeintellicode {"startup":false,"activationEvent":"onLanguage:java"}
[2019-06-11 21:38:22.552] [exthost] [info] ExtensionService#loadCommonJSModule /home/zhou/.vscode/extensions/visualstudioexptteam.vscodeintellicode-1.1.6/dist/intellicode
[2019-06-11 21:38:22.736] [exthost] [info] ExtensionService#_doActivateExtension vscjava.vscode-java-pack {"startup":false,"activationEvent":"onLanguage:java"}
[2019-06-11 21:38:22.736] [exthost] [info] ExtensionService#loadCommonJSModule /home/zhou/.vscode/extensions/vscjava.vscode-java-pack-0.7.1/out/extension
[2019-06-11 21:38:22.889] [exthost] [info] ExtensionService#_doActivateExtension vscode.debug-auto-launch {"startup":true,"activationEvent":"*"}
[2019-06-11 21:38:22.889] [exthost] [info] ExtensionService#loadCommonJSModule /home/zhou/workspace/program/Editor/Vscode/install/VSCode-linux-x64/resources/app/extensions/debug-auto-launch/dist/extension
[2019-06-11 21:38:22.892] [exthost] [info] ExtensionService#_doActivateExtension vscode.emmet {"startup":true,"activationEvent":"*"}
[2019-06-11 21:38:22.892] [exthost] [info] ExtensionService#loadCommonJSModule /home/zhou/workspace/program/Editor/Vscode/install/VSCode-linux-x64/resources/app/extensions/emmet/dist/extension
[2019-06-11 21:38:22.911] [exthost] [info] ExtensionService#_doActivateExtension vscode.git {"startup":true,"activationEvent":"*"}
[2019-06-11 21:38:22.911] [exthost] [info] ExtensionService#loadCommonJSModule /home/zhou/workspace/program/Editor/Vscode/install/VSCode-linux-x64/resources/app/extensions/git/dist/main
[2019-06-11 21:38:23.027] [exthost] [info] ExtensionService#_doActivateExtension vscode.merge-conflict {"startup":true,"activationEvent":"*"}
[2019-06-11 21:38:23.027] [exthost] [info] ExtensionService#loadCommonJSModule /home/zhou/workspace/program/Editor/Vscode/install/VSCode-linux-x64/resources/app/extensions/merge-conflict/dist/extension
[2019-06-11 21:38:23.035] [exthost] [info] ExtensionService#_doActivateExtension alefragnani.project-manager {"startup":true,"activationEvent":"*"}
[2019-06-11 21:38:23.035] [exthost] [info] ExtensionService#loadCommonJSModule /home/zhou/.vscode/extensions/alefragnani.project-manager-10.5.2/dist/extension
[2019-06-11 21:38:23.045] [exthost] [info] ExtensionService#_doActivateExtension christian-kohler.path-intellisense {"startup":true,"activationEvent":"*"}
[2019-06-11 21:38:23.045] [exthost] [info] ExtensionService#loadCommonJSModule /home/zhou/.vscode/extensions/christian-kohler.path-intellisense-1.4.2/out/src/extension
[2019-06-11 21:38:23.058] [exthost] [info] ExtensionService#_doActivateExtension CoenraadS.bracket-pair-colorizer {"startup":true,"activationEvent":"*"}
[2019-06-11 21:38:23.058] [exthost] [info] ExtensionService#loadCommonJSModule /home/zhou/.vscode/extensions/coenraads.bracket-pair-colorizer-1.0.61/out/src/extension
[2019-06-11 21:38:23.089] [exthost] [info] ExtensionService#_doActivateExtension CoenraadS.bracket-pair-colorizer-2 {"startup":true,"activationEvent":"*"}
[2019-06-11 21:38:23.089] [exthost] [info] ExtensionService#loadCommonJSModule /home/zhou/.vscode/extensions/coenraads.bracket-pair-colorizer-2-0.0.28/out/src/extension
[2019-06-11 21:38:23.114] [exthost] [info] ExtensionService#_doActivateExtension DavidHelmer.mavensmate {"startup":true,"activationEvent":"*"}
[2019-06-11 21:38:23.114] [exthost] [info] ExtensionService#loadCommonJSModule /home/zhou/.vscode/extensions/davidhelmer.mavensmate-0.16.3/out/src/extension
[2019-06-11 21:38:23.115] [exthost] [info] ExtensionService#_doActivateExtension dbaeumer.vscode-eslint {"startup":true,"activationEvent":"*"}
[2019-06-11 21:38:23.115] [exthost] [info] ExtensionService#loadCommonJSModule /home/zhou/.vscode/extensions/dbaeumer.vscode-eslint-1.9.0/client/out/extension
[2019-06-11 21:38:23.151] [exthost] [info] ExtensionService#_doActivateExtension eamodio.gitlens {"startup":true,"activationEvent":"*"}
[2019-06-11 21:38:23.151] [exthost] [info] ExtensionService#loadCommonJSModule /home/zhou/.vscode/extensions/eamodio.gitlens-9.8.2/dist/extension
[2019-06-11 21:38:23.313] [exthost] [info] ExtensionService#_doActivateExtension EditorConfig.EditorConfig {"startup":true,"activationEvent":"*"}
[2019-06-11 21:38:23.313] [exthost] [info] ExtensionService#loadCommonJSModule /home/zhou/.vscode/extensions/editorconfig.editorconfig-0.13.0/out/src/editorConfigMain
[2019-06-11 21:38:23.342] [exthost] [info] ExtensionService#_doActivateExtension Equinusocio.vsc-material-theme {"startup":true,"activationEvent":"*"}
[2019-06-11 21:38:23.342] [exthost] [info] ExtensionService#loadCommonJSModule /home/zhou/.vscode/extensions/equinusocio.vsc-material-theme-2.9.0/out/src/material.theme.config
[2019-06-11 21:38:23.352] [exthost] [info] ExtensionService#_doActivateExtension formulahendry.auto-close-tag {"startup":true,"activationEvent":"*"}
[2019-06-11 21:38:23.352] [exthost] [info] ExtensionService#loadCommonJSModule /home/zhou/.vscode/extensions/formulahendry.auto-close-tag-0.5.6/out/src/extension
[2019-06-11 21:38:23.355] [exthost] [info] ExtensionService#_doActivateExtension formulahendry.auto-rename-tag {"startup":true,"activationEvent":"*"}
[2019-06-11 21:38:23.355] [exthost] [info] ExtensionService#loadCommonJSModule /home/zhou/.vscode/extensions/formulahendry.auto-rename-tag-0.1.0/out/src/extension
[2019-06-11 21:38:23.357] [exthost] [info] ExtensionService#_doActivateExtension gabrielgrinberg.auto-run-command {"startup":true,"activationEvent":"*"}
[2019-06-11 21:38:23.357] [exthost] [info] ExtensionService#loadCommonJSModule /home/zhou/.vscode/extensions/gabrielgrinberg.auto-run-command-1.5.0/out/src/extension
[2019-06-11 21:38:23.359] [exthost] [info] ExtensionService#_doActivateExtension HookyQR.beautify {"startup":true,"activationEvent":"*"}
[2019-06-11 21:38:23.359] [exthost] [info] ExtensionService#loadCommonJSModule /home/zhou/.vscode/extensions/hookyqr.beautify-1.5.0/extension
[2019-06-11 21:38:23.413] [exthost] [info] ExtensionService#_doActivateExtension kisstkondoros.vscode-codemetrics {"startup":true,"activationEvent":"*"}
[2019-06-11 21:38:23.413] [exthost] [info] ExtensionService#loadCommonJSModule /home/zhou/.vscode/extensions/kisstkondoros.vscode-codemetrics-1.18.1/out/src/extension
[2019-06-11 21:38:23.911] [exthost] [info] ExtensionService#_doActivateExtension michelemelluso.code-beautifier {"startup":true,"activationEvent":"*"}
[2019-06-11 21:38:23.911] [exthost] [info] ExtensionService#loadCommonJSModule /home/zhou/.vscode/extensions/michelemelluso.code-beautifier-2.2.1/out/src/extension
[2019-06-11 21:38:23.956] [exthost] [info] ExtensionService#_doActivateExtension michelemelluso.gitignore {"startup":true,"activationEvent":"*"}
[2019-06-11 21:38:23.956] [exthost] [info] ExtensionService#loadCommonJSModule /home/zhou/.vscode/extensions/michelemelluso.gitignore-1.0.1/out/src/extension
[2019-06-11 21:38:23.957] [exthost] [info] ExtensionService#_doActivateExtension mkxml.vscode-filesize {"startup":true,"activationEvent":"*"}
[2019-06-11 21:38:23.957] [exthost] [info] ExtensionService#loadCommonJSModule /home/zhou/.vscode/extensions/mkxml.vscode-filesize-2.1.3/extension
[2019-06-11 21:38:24.020] [exthost] [info] ExtensionService#_doActivateExtension ms-vsliveshare.vsliveshare {"startup":true,"activationEvent":"*"}
[2019-06-11 21:38:24.020] [exthost] [info] ExtensionService#loadCommonJSModule /home/zhou/.vscode/extensions/ms-vsliveshare.vsliveshare-1.0.337/out/prod/extension-prod
[2019-06-11 21:38:24.767] [exthost] [info] ExtensionService#_doActivateExtension naumovs.color-highlight {"startup":true,"activationEvent":"*"}
[2019-06-11 21:38:24.767] [exthost] [info] ExtensionService#loadCommonJSModule /home/zhou/.vscode/extensions/naumovs.color-highlight-2.3.0/dist/extension
[2019-06-11 21:38:24.794] [exthost] [info] ExtensionService#_doActivateExtension oderwat.indent-rainbow {"startup":true,"activationEvent":"*"}
[2019-06-11 21:38:24.794] [exthost] [info] ExtensionService#loadCommonJSModule /home/zhou/.vscode/extensions/oderwat.indent-rainbow-7.4.0/out/extension
[2019-06-11 21:38:24.795] [exthost] [info] ExtensionService#_doActivateExtension Shan.code-settings-sync {"startup":true,"activationEvent":"*"}
[2019-06-11 21:38:24.795] [exthost] [info] ExtensionService#loadCommonJSModule /home/zhou/.vscode/extensions/shan.code-settings-sync-3.2.9/out/extension.js
[2019-06-11 21:38:24.940] [exthost] [info] ExtensionService#_doActivateExtension shardulm94.trailing-spaces {"startup":true,"activationEvent":"*"}
[2019-06-11 21:38:24.940] [exthost] [info] ExtensionService#loadCommonJSModule /home/zhou/.vscode/extensions/shardulm94.trailing-spaces-0.3.1/out/src/extension
[2019-06-11 21:38:24.958] [exthost] [info] ExtensionService#_doActivateExtension streetsidesoftware.code-spell-checker {"startup":true,"activationEvent":"*"}
[2019-06-11 21:38:24.958] [exthost] [info] ExtensionService#loadCommonJSModule /home/zhou/.vscode/extensions/streetsidesoftware.code-spell-checker-1.7.16/dist/extension
[2019-06-11 21:38:25.043] [exthost] [info] ExtensionService#_doActivateExtension vincaslt.highlight-matching-tag {"startup":true,"activationEvent":"*"}
[2019-06-11 21:38:25.043] [exthost] [info] ExtensionService#loadCommonJSModule /home/zhou/.vscode/extensions/vincaslt.highlight-matching-tag-0.9.2/out/src/extension
[2019-06-11 21:38:25.053] [exthost] [info] ExtensionService#_doActivateExtension weids.filesize {"startup":true,"activationEvent":"*"}
[2019-06-11 21:38:25.053] [exthost] [info] ExtensionService#loadCommonJSModule /home/zhou/.vscode/extensions/weids.filesize-1.0.1/extension
[2019-06-11 21:38:25.054] [exthost] [info] ExtensionService#_doActivateExtension wk-j.save-and-run {"startup":true,"activationEvent":"*"}
[2019-06-11 21:38:25.054] [exthost] [info] ExtensionService#loadCommonJSModule /home/zhou/.vscode/extensions/wk-j.save-and-run-0.0.21/out/src/extension
[2019-06-11 21:38:25.056] [exthost] [info] ExtensionService#_doActivateExtension YouMayCallMeV.vscode-java-saber {"startup":true,"activationEvent":"*"}
[2019-06-11 21:38:25.056] [exthost] [info] ExtensionService#loadCommonJSModule /home/zhou/.vscode/extensions/youmaycallmev.vscode-java-saber-0.1.0/extension
[2019-06-11 21:38:25.085] [exthost] [info] ExtensionService#_doActivateExtension yutent.file-stat {"startup":true,"activationEvent":"*"}
[2019-06-11 21:38:25.085] [exthost] [info] ExtensionService#loadCommonJSModule /home/zhou/.vscode/extensions/yutent.file-stat-1.1.0/index
[2019-06-11 21:38:25.086] [exthost] [info] ExtensionService#_doActivateExtension zh9528.file-size {"startup":true,"activationEvent":"*"}
[2019-06-11 21:38:25.086] [exthost] [info] ExtensionService#loadCommonJSModule /home/zhou/.vscode/extensions/zh9528.file-size-0.1.3/extension
[2019-06-11 21:38:25.088] [exthost] [info] eager extensions activated
[2019-06-11 21:38:25.092] [exthost] [info] ExtensionService#_doActivateExtension formulahendry.code-runner {"startup":false,"activationEvent":"onCommand:code-runner.run"}
[2019-06-11 21:38:25.092] [exthost] [info] ExtensionService#loadCommonJSModule /home/zhou/.vscode/extensions/formulahendry.code-runner-0.9.10/out/src/extension
[2019-06-11 21:38:33.241] [exthost] [info] ExtensionService#_doActivateExtension ms-vsliveshare.vsliveshare-audio {"startup":true,"activationEvent":"*"}
[2019-06-11 21:38:33.241] [exthost] [info] ExtensionService#loadCommonJSModule /home/zhou/.vscode/extensions/ms-vsliveshare.vsliveshare-audio-0.1.50/out/extension
[2019-06-11 21:38:38.418] [exthost] [info] ExtensionService#_doActivateExtension vscjava.vscode-java-debug {"startup":false,"activationEvent":"onLanguage:java"}
[2019-06-11 21:38:38.418] [exthost] [info] ExtensionService#loadCommonJSModule /home/zhou/.vscode/extensions/vscjava.vscode-java-debug-0.19.0/dist/extension
[2019-06-11 21:38:38.675] [exthost] [info] ExtensionService#_doActivateExtension vscjava.vscode-java-dependency {"startup":false,"activationEvent":"onLanguage:java"}
[2019-06-11 21:38:38.676] [exthost] [info] ExtensionService#loadCommonJSModule /home/zhou/.vscode/extensions/vscjava.vscode-java-dependency-0.5.0/dist/extension
[2019-06-11 21:38:38.791] [exthost] [info] ExtensionService#_doActivateExtension yaozheng.vscode-pde {"startup":false,"activationEvent":"onLanguage:java"}
[2019-06-11 21:38:38.791] [exthost] [info] ExtensionService#loadCommonJSModule /home/zhou/.vscode/extensions/yaozheng.vscode-pde-0.1.0/out/src/extension
[2019-06-11 21:38:38.830] [exthost] [info] ExtensionService#_doActivateExtension vscjava.vscode-java-test {"startup":false,"activationEvent":"onLanguage:java"}
[2019-06-11 21:38:38.830] [exthost] [info] ExtensionService#loadCommonJSModule /home/zhou/.vscode/extensions/vscjava.vscode-java-test-0.18.0/dist/extension
