[2019-06-12 12:52:24.436] [exthost] [info] extension host started
[2019-06-12 12:52:25.219] [exthost] [info] ExtensionService#_doActivateExtension faustinoaq.javac-linter {"startup":false,"activationEvent":"onLanguage:java"}
[2019-06-12 12:52:25.219] [exthost] [info] ExtensionService#loadCommonJSModule /home/zhou/.vscode/extensions/faustinoaq.javac-linter-1.3.1/out/src/Main
[2019-06-12 12:52:25.348] [exthost] [info] ExtensionService#_doActivateExtension GabrielBB.vscode-lombok {"startup":false,"activationEvent":"onLanguage:java"}
[2019-06-12 12:52:25.348] [exthost] [info] ExtensionService#loadCommonJSModule /home/zhou/.vscode/extensions/gabrielbb.vscode-lombok-0.9.8/out/index
[2019-06-12 12:52:25.470] [exthost] [info] ExtensionService#_doActivateExtension redhat.java {"startup":false,"activationEvent":"onLanguage:java"}
[2019-06-12 12:52:25.470] [exthost] [info] ExtensionService#loadCommonJSModule /home/zhou/.vscode/extensions/redhat.java-0.46.0/dist/extension
[2019-06-12 12:52:25.588] [exthost] [info] ExtensionService#_doActivateExtension VisualStudioExptTeam.vscodeintellicode {"startup":false,"activationEvent":"onLanguage:java"}
[2019-06-12 12:52:25.588] [exthost] [info] ExtensionService#loadCommonJSModule /home/zhou/.vscode/extensions/visualstudioexptteam.vscodeintellicode-1.1.6/dist/intellicode
[2019-06-12 12:52:25.986] [exthost] [info] ExtensionService#_doActivateExtension vscjava.vscode-java-pack {"startup":false,"activationEvent":"onLanguage:java"}
[2019-06-12 12:52:25.986] [exthost] [info] ExtensionService#loadCommonJSModule /home/zhou/.vscode/extensions/vscjava.vscode-java-pack-0.7.1/out/extension
[2019-06-12 12:52:26.189] [exthost] [info] ExtensionService#_doActivateExtension vscode.debug-auto-launch {"startup":true,"activationEvent":"*"}
[2019-06-12 12:52:26.189] [exthost] [info] ExtensionService#loadCommonJSModule /home/zhou/workspace/program/Editor/Vscode/install/VSCode-linux-x64/resources/app/extensions/debug-auto-launch/dist/extension
[2019-06-12 12:52:26.342] [exthost] [info] ExtensionService#_doActivateExtension vscode.emmet {"startup":true,"activationEvent":"*"}
[2019-06-12 12:52:26.342] [exthost] [info] ExtensionService#loadCommonJSModule /home/zhou/workspace/program/Editor/Vscode/install/VSCode-linux-x64/resources/app/extensions/emmet/dist/extension
[2019-06-12 12:52:26.473] [exthost] [info] ExtensionService#_doActivateExtension vscode.git {"startup":true,"activationEvent":"*"}
[2019-06-12 12:52:26.473] [exthost] [info] ExtensionService#loadCommonJSModule /home/zhou/workspace/program/Editor/Vscode/install/VSCode-linux-x64/resources/app/extensions/git/dist/main
[2019-06-12 12:52:26.742] [exthost] [info] ExtensionService#_doActivateExtension vscode.merge-conflict {"startup":true,"activationEvent":"*"}
[2019-06-12 12:52:26.743] [exthost] [info] ExtensionService#loadCommonJSModule /home/zhou/workspace/program/Editor/Vscode/install/VSCode-linux-x64/resources/app/extensions/merge-conflict/dist/extension
[2019-06-12 12:52:26.799] [exthost] [info] ExtensionService#_doActivateExtension alefragnani.project-manager {"startup":true,"activationEvent":"*"}
[2019-06-12 12:52:26.799] [exthost] [info] ExtensionService#loadCommonJSModule /home/zhou/.vscode/extensions/alefragnani.project-manager-10.5.2/dist/extension
[2019-06-12 12:52:26.844] [exthost] [info] ExtensionService#_doActivateExtension christian-kohler.path-intellisense {"startup":true,"activationEvent":"*"}
[2019-06-12 12:52:26.844] [exthost] [info] ExtensionService#loadCommonJSModule /home/zhou/.vscode/extensions/christian-kohler.path-intellisense-1.4.2/out/src/extension
[2019-06-12 12:52:26.909] [exthost] [info] ExtensionService#_doActivateExtension CoenraadS.bracket-pair-colorizer {"startup":true,"activationEvent":"*"}
[2019-06-12 12:52:26.909] [exthost] [info] ExtensionService#loadCommonJSModule /home/zhou/.vscode/extensions/coenraads.bracket-pair-colorizer-1.0.61/out/src/extension
[2019-06-12 12:52:27.041] [exthost] [info] ExtensionService#_doActivateExtension CoenraadS.bracket-pair-colorizer-2 {"startup":true,"activationEvent":"*"}
[2019-06-12 12:52:27.041] [exthost] [info] ExtensionService#loadCommonJSModule /home/zhou/.vscode/extensions/coenraads.bracket-pair-colorizer-2-0.0.28/out/src/extension
[2019-06-12 12:52:27.153] [exthost] [info] ExtensionService#_doActivateExtension DavidHelmer.mavensmate {"startup":true,"activationEvent":"*"}
[2019-06-12 12:52:27.153] [exthost] [info] ExtensionService#loadCommonJSModule /home/zhou/.vscode/extensions/davidhelmer.mavensmate-0.16.3/out/src/extension
[2019-06-12 12:52:27.180] [exthost] [info] ExtensionService#_doActivateExtension dbaeumer.vscode-eslint {"startup":true,"activationEvent":"*"}
[2019-06-12 12:52:27.180] [exthost] [info] ExtensionService#loadCommonJSModule /home/zhou/.vscode/extensions/dbaeumer.vscode-eslint-1.9.0/client/out/extension
[2019-06-12 12:52:27.289] [exthost] [info] ExtensionService#_doActivateExtension eamodio.gitlens {"startup":true,"activationEvent":"*"}
[2019-06-12 12:52:27.289] [exthost] [info] ExtensionService#loadCommonJSModule /home/zhou/.vscode/extensions/eamodio.gitlens-9.8.2/dist/extension
[2019-06-12 12:52:27.465] [exthost] [info] ExtensionService#_doActivateExtension EditorConfig.EditorConfig {"startup":true,"activationEvent":"*"}
[2019-06-12 12:52:27.465] [exthost] [info] ExtensionService#loadCommonJSModule /home/zhou/.vscode/extensions/editorconfig.editorconfig-0.13.0/out/src/editorConfigMain
[2019-06-12 12:52:27.527] [exthost] [info] ExtensionService#_doActivateExtension Equinusocio.vsc-material-theme {"startup":true,"activationEvent":"*"}
[2019-06-12 12:52:27.527] [exthost] [info] ExtensionService#loadCommonJSModule /home/zhou/.vscode/extensions/equinusocio.vsc-material-theme-2.9.0/out/src/material.theme.config
[2019-06-12 12:52:27.577] [exthost] [info] ExtensionService#_doActivateExtension formulahendry.auto-close-tag {"startup":true,"activationEvent":"*"}
[2019-06-12 12:52:27.577] [exthost] [info] ExtensionService#loadCommonJSModule /home/zhou/.vscode/extensions/formulahendry.auto-close-tag-0.5.6/out/src/extension
[2019-06-12 12:52:27.613] [exthost] [info] ExtensionService#_doActivateExtension formulahendry.auto-rename-tag {"startup":true,"activationEvent":"*"}
[2019-06-12 12:52:27.613] [exthost] [info] ExtensionService#loadCommonJSModule /home/zhou/.vscode/extensions/formulahendry.auto-rename-tag-0.1.0/out/src/extension
[2019-06-12 12:52:27.641] [exthost] [info] ExtensionService#_doActivateExtension gabrielgrinberg.auto-run-command {"startup":true,"activationEvent":"*"}
[2019-06-12 12:52:27.641] [exthost] [info] ExtensionService#loadCommonJSModule /home/zhou/.vscode/extensions/gabrielgrinberg.auto-run-command-1.5.0/out/src/extension
[2019-06-12 12:52:27.657] [exthost] [info] ExtensionService#_doActivateExtension HookyQR.beautify {"startup":true,"activationEvent":"*"}
[2019-06-12 12:52:27.657] [exthost] [info] ExtensionService#loadCommonJSModule /home/zhou/.vscode/extensions/hookyqr.beautify-1.5.0/extension
[2019-06-12 12:52:27.895] [exthost] [info] ExtensionService#_doActivateExtension kisstkondoros.vscode-codemetrics {"startup":true,"activationEvent":"*"}
[2019-06-12 12:52:27.895] [exthost] [info] ExtensionService#loadCommonJSModule /home/zhou/.vscode/extensions/kisstkondoros.vscode-codemetrics-1.18.1/out/src/extension
[2019-06-12 12:52:29.161] [exthost] [info] ExtensionService#_doActivateExtension michelemelluso.code-beautifier {"startup":true,"activationEvent":"*"}
[2019-06-12 12:52:29.161] [exthost] [info] ExtensionService#loadCommonJSModule /home/zhou/.vscode/extensions/michelemelluso.code-beautifier-2.2.1/out/src/extension
[2019-06-12 12:52:29.277] [exthost] [info] ExtensionService#_doActivateExtension michelemelluso.gitignore {"startup":true,"activationEvent":"*"}
[2019-06-12 12:52:29.277] [exthost] [info] ExtensionService#loadCommonJSModule /home/zhou/.vscode/extensions/michelemelluso.gitignore-1.0.1/out/src/extension
[2019-06-12 12:52:29.296] [exthost] [info] ExtensionService#_doActivateExtension mkxml.vscode-filesize {"startup":true,"activationEvent":"*"}
[2019-06-12 12:52:29.296] [exthost] [info] ExtensionService#loadCommonJSModule /home/zhou/.vscode/extensions/mkxml.vscode-filesize-2.1.3/extension
[2019-06-12 12:52:29.510] [exthost] [info] ExtensionService#_doActivateExtension ms-vsliveshare.vsliveshare {"startup":true,"activationEvent":"*"}
[2019-06-12 12:52:29.510] [exthost] [info] ExtensionService#loadCommonJSModule /home/zhou/.vscode/extensions/ms-vsliveshare.vsliveshare-1.0.337/out/prod/extension-prod
[2019-06-12 12:52:31.159] [exthost] [info] ExtensionService#_doActivateExtension naumovs.color-highlight {"startup":true,"activationEvent":"*"}
[2019-06-12 12:52:31.159] [exthost] [info] ExtensionService#loadCommonJSModule /home/zhou/.vscode/extensions/naumovs.color-highlight-2.3.0/dist/extension
[2019-06-12 12:52:31.259] [exthost] [info] ExtensionService#_doActivateExtension oderwat.indent-rainbow {"startup":true,"activationEvent":"*"}
[2019-06-12 12:52:31.259] [exthost] [info] ExtensionService#loadCommonJSModule /home/zhou/.vscode/extensions/oderwat.indent-rainbow-7.4.0/out/extension
[2019-06-12 12:52:31.279] [exthost] [info] ExtensionService#_doActivateExtension Shan.code-settings-sync {"startup":true,"activationEvent":"*"}
[2019-06-12 12:52:31.279] [exthost] [info] ExtensionService#loadCommonJSModule /home/zhou/.vscode/extensions/shan.code-settings-sync-3.2.9/out/extension.js
[2019-06-12 12:52:31.524] [exthost] [info] ExtensionService#_doActivateExtension shardulm94.trailing-spaces {"startup":true,"activationEvent":"*"}
[2019-06-12 12:52:31.524] [exthost] [info] ExtensionService#loadCommonJSModule /home/zhou/.vscode/extensions/shardulm94.trailing-spaces-0.3.1/out/src/extension
[2019-06-12 12:52:31.615] [exthost] [info] ExtensionService#_doActivateExtension streetsidesoftware.code-spell-checker {"startup":true,"activationEvent":"*"}
[2019-06-12 12:52:31.615] [exthost] [info] ExtensionService#loadCommonJSModule /home/zhou/.vscode/extensions/streetsidesoftware.code-spell-checker-1.7.16/dist/extension
[2019-06-12 12:52:31.768] [exthost] [info] ExtensionService#_doActivateExtension vincaslt.highlight-matching-tag {"startup":true,"activationEvent":"*"}
[2019-06-12 12:52:31.768] [exthost] [info] ExtensionService#loadCommonJSModule /home/zhou/.vscode/extensions/vincaslt.highlight-matching-tag-0.9.2/out/src/extension
[2019-06-12 12:52:31.983] [exthost] [info] ExtensionService#_doActivateExtension weids.filesize {"startup":true,"activationEvent":"*"}
[2019-06-12 12:52:31.983] [exthost] [info] ExtensionService#loadCommonJSModule /home/zhou/.vscode/extensions/weids.filesize-1.0.1/extension
[2019-06-12 12:52:31.997] [exthost] [info] ExtensionService#_doActivateExtension wk-j.save-and-run {"startup":true,"activationEvent":"*"}
[2019-06-12 12:52:31.997] [exthost] [info] ExtensionService#loadCommonJSModule /home/zhou/.vscode/extensions/wk-j.save-and-run-0.0.21/out/src/extension
[2019-06-12 12:52:32.029] [exthost] [info] ExtensionService#_doActivateExtension YouMayCallMeV.vscode-java-saber {"startup":true,"activationEvent":"*"}
[2019-06-12 12:52:32.029] [exthost] [info] ExtensionService#loadCommonJSModule /home/zhou/.vscode/extensions/youmaycallmev.vscode-java-saber-0.1.0/extension
[2019-06-12 12:52:32.342] [exthost] [info] ExtensionService#_doActivateExtension yutent.file-stat {"startup":true,"activationEvent":"*"}
[2019-06-12 12:52:32.342] [exthost] [info] ExtensionService#loadCommonJSModule /home/zhou/.vscode/extensions/yutent.file-stat-1.1.0/index
[2019-06-12 12:52:32.355] [exthost] [info] ExtensionService#_doActivateExtension zh9528.file-size {"startup":true,"activationEvent":"*"}
[2019-06-12 12:52:32.355] [exthost] [info] ExtensionService#loadCommonJSModule /home/zhou/.vscode/extensions/zh9528.file-size-0.1.3/extension
[2019-06-12 12:52:32.371] [exthost] [info] eager extensions activated
[2019-06-12 12:52:32.376] [exthost] [info] ExtensionService#_doActivateExtension formulahendry.code-runner {"startup":false,"activationEvent":"onCommand:code-runner.run"}
[2019-06-12 12:52:32.376] [exthost] [info] ExtensionService#loadCommonJSModule /home/zhou/.vscode/extensions/formulahendry.code-runner-0.9.10/out/src/extension
[2019-06-12 12:52:52.316] [exthost] [info] ExtensionService#_doActivateExtension ms-vsliveshare.vsliveshare-audio {"startup":true,"activationEvent":"*"}
[2019-06-12 12:52:52.316] [exthost] [info] ExtensionService#loadCommonJSModule /home/zhou/.vscode/extensions/ms-vsliveshare.vsliveshare-audio-0.1.50/out/extension
[2019-06-12 12:53:13.533] [exthost] [info] ExtensionService#_doActivateExtension vscjava.vscode-java-debug {"startup":false,"activationEvent":"onLanguage:java"}
[2019-06-12 12:53:13.533] [exthost] [info] ExtensionService#loadCommonJSModule /home/zhou/.vscode/extensions/vscjava.vscode-java-debug-0.19.0/dist/extension
[2019-06-12 12:53:13.687] [exthost] [info] ExtensionService#_doActivateExtension vscjava.vscode-java-dependency {"startup":false,"activationEvent":"onLanguage:java"}
[2019-06-12 12:53:13.687] [exthost] [info] ExtensionService#loadCommonJSModule /home/zhou/.vscode/extensions/vscjava.vscode-java-dependency-0.5.0/dist/extension
[2019-06-12 12:53:13.985] [exthost] [info] ExtensionService#_doActivateExtension yaozheng.vscode-pde {"startup":false,"activationEvent":"onLanguage:java"}
[2019-06-12 12:53:13.985] [exthost] [info] ExtensionService#loadCommonJSModule /home/zhou/.vscode/extensions/yaozheng.vscode-pde-0.1.0/out/src/extension
[2019-06-12 12:53:14.069] [exthost] [info] ExtensionService#_doActivateExtension vscjava.vscode-java-test {"startup":false,"activationEvent":"onLanguage:java"}
[2019-06-12 12:53:14.069] [exthost] [info] ExtensionService#loadCommonJSModule /home/zhou/.vscode/extensions/vscjava.vscode-java-test-0.18.0/dist/extension
[2019-06-12 13:05:24.597] [exthost] [info] ExtensionService#_doActivateExtension danielpinto8zz6.c-cpp-compile-run {"startup":false,"activationEvent":"onCommand:extension.CustomCompileRun"}
[2019-06-12 13:05:24.597] [exthost] [info] ExtensionService#loadCommonJSModule /home/zhou/.vscode/extensions/danielpinto8zz6.c-cpp-compile-run-0.5.0/out/extension
[2019-06-12 13:05:28.588] [exthost] [error] onWillSaveTextDocument-listener from extension 'redhat.java' threw ERROR
[2019-06-12 13:05:28.588] [exthost] [error] Error: timeout
	at Timeout.define._deliverEventAsync.setTimeout [as _onTimeout] (/home/zhou/workspace/program/Editor/Vscode/install/VSCode-linux-x64/resources/app/out/vs/workbench/services/extensions/node/extensionHostProcess.js:446:964)
	at ontimeout (timers.js:427:11)
	at tryOnTimeout (timers.js:289:5)
	at listOnTimeout (timers.js:252:5)
	at Timer.processTimers (timers.js:212:10)
[2019-06-12 13:09:18.632] [exthost] [warning] redhat.java -Code actions of kind 'source.organizeImports 'requested but returned code action is of kind 'source.overrideMethods'. Code action will be dropped. Please check 'CodeActionContext.only' to only return requested code actions.
[2019-06-12 13:09:18.632] [exthost] [warning] redhat.java -Code actions of kind 'source.organizeImports 'requested but returned code action is of kind 'source.generate.accessors'. Code action will be dropped. Please check 'CodeActionContext.only' to only return requested code actions.
[2019-06-12 13:09:18.632] [exthost] [warning] redhat.java -Code actions of kind 'source.organizeImports 'requested but returned code action is of kind 'source.generate.toString'. Code action will be dropped. Please check 'CodeActionContext.only' to only return requested code actions.
[2019-06-12 13:09:18.632] [exthost] [warning] redhat.java -Code actions of kind 'source.organizeImports 'requested but returned code action is of kind 'source.generate.constructors'. Code action will be dropped. Please check 'CodeActionContext.only' to only return requested code actions.
[2019-06-12 13:09:18.632] [exthost] [warning] redhat.java -Code actions of kind 'source.organizeImports 'requested but returned code action is of kind 'source.generate.delegateMethods'. Code action will be dropped. Please check 'CodeActionContext.only' to only return requested code actions.
[2019-06-12 13:10:04.032] [exthost] [warning] redhat.java -Code actions of kind 'source.organizeImports 'requested but returned code action is of kind 'source.overrideMethods'. Code action will be dropped. Please check 'CodeActionContext.only' to only return requested code actions.
[2019-06-12 13:10:04.032] [exthost] [warning] redhat.java -Code actions of kind 'source.organizeImports 'requested but returned code action is of kind 'source.generate.accessors'. Code action will be dropped. Please check 'CodeActionContext.only' to only return requested code actions.
[2019-06-12 13:10:04.032] [exthost] [warning] redhat.java -Code actions of kind 'source.organizeImports 'requested but returned code action is of kind 'source.generate.toString'. Code action will be dropped. Please check 'CodeActionContext.only' to only return requested code actions.
[2019-06-12 13:10:04.032] [exthost] [warning] redhat.java -Code actions of kind 'source.organizeImports 'requested but returned code action is of kind 'source.generate.constructors'. Code action will be dropped. Please check 'CodeActionContext.only' to only return requested code actions.
[2019-06-12 13:10:04.032] [exthost] [warning] redhat.java -Code actions of kind 'source.organizeImports 'requested but returned code action is of kind 'source.generate.delegateMethods'. Code action will be dropped. Please check 'CodeActionContext.only' to only return requested code actions.
