[2019-06-12 16:55:40.833] [exthost] [info] extension host started
[2019-06-12 16:55:40.894] [exthost] [info] ExtensionService#_doActivateExtension faustinoaq.javac-linter {"startup":false,"activationEvent":"onLanguage:java"}
[2019-06-12 16:55:40.894] [exthost] [info] ExtensionService#loadCommonJSModule /home/zhou/.vscode/extensions/faustinoaq.javac-linter-1.3.1/out/src/Main
[2019-06-12 16:55:40.898] [exthost] [info] ExtensionService#_doActivateExtension GabrielBB.vscode-lombok {"startup":false,"activationEvent":"onLanguage:java"}
[2019-06-12 16:55:40.898] [exthost] [info] ExtensionService#loadCommonJSModule /home/zhou/.vscode/extensions/gabrielbb.vscode-lombok-0.9.8/out/index
[2019-06-12 16:55:40.904] [exthost] [info] ExtensionService#_doActivateExtension redhat.java {"startup":false,"activationEvent":"onLanguage:java"}
[2019-06-12 16:55:40.904] [exthost] [info] ExtensionService#loadCommonJSModule /home/zhou/.vscode/extensions/redhat.java-0.46.0/dist/extension
[2019-06-12 16:55:40.954] [exthost] [info] ExtensionService#_doActivateExtension VisualStudioExptTeam.vscodeintellicode {"startup":false,"activationEvent":"onLanguage:java"}
[2019-06-12 16:55:40.954] [exthost] [info] ExtensionService#loadCommonJSModule /home/zhou/.vscode/extensions/visualstudioexptteam.vscodeintellicode-1.1.6/dist/intellicode
[2019-06-12 16:55:41.133] [exthost] [info] ExtensionService#_doActivateExtension vscjava.vscode-java-pack {"startup":false,"activationEvent":"onLanguage:java"}
[2019-06-12 16:55:41.133] [exthost] [info] ExtensionService#loadCommonJSModule /home/zhou/.vscode/extensions/vscjava.vscode-java-pack-0.7.1/out/extension
[2019-06-12 16:55:41.300] [exthost] [info] ExtensionService#_doActivateExtension vscode.debug-auto-launch {"startup":true,"activationEvent":"*"}
[2019-06-12 16:55:41.300] [exthost] [info] ExtensionService#loadCommonJSModule /home/zhou/workspace/program/Editor/Vscode/install/VSCode-linux-x64/resources/app/extensions/debug-auto-launch/dist/extension
[2019-06-12 16:55:41.305] [exthost] [info] ExtensionService#_doActivateExtension vscode.emmet {"startup":true,"activationEvent":"*"}
[2019-06-12 16:55:41.305] [exthost] [info] ExtensionService#loadCommonJSModule /home/zhou/workspace/program/Editor/Vscode/install/VSCode-linux-x64/resources/app/extensions/emmet/dist/extension
[2019-06-12 16:55:41.325] [exthost] [info] ExtensionService#_doActivateExtension vscode.git {"startup":true,"activationEvent":"*"}
[2019-06-12 16:55:41.325] [exthost] [info] ExtensionService#loadCommonJSModule /home/zhou/workspace/program/Editor/Vscode/install/VSCode-linux-x64/resources/app/extensions/git/dist/main
[2019-06-12 16:55:41.465] [exthost] [info] ExtensionService#_doActivateExtension vscode.merge-conflict {"startup":true,"activationEvent":"*"}
[2019-06-12 16:55:41.465] [exthost] [info] ExtensionService#loadCommonJSModule /home/zhou/workspace/program/Editor/Vscode/install/VSCode-linux-x64/resources/app/extensions/merge-conflict/dist/extension
[2019-06-12 16:55:41.473] [exthost] [info] ExtensionService#_doActivateExtension alefragnani.project-manager {"startup":true,"activationEvent":"*"}
[2019-06-12 16:55:41.473] [exthost] [info] ExtensionService#loadCommonJSModule /home/zhou/.vscode/extensions/alefragnani.project-manager-10.5.2/dist/extension
[2019-06-12 16:55:41.483] [exthost] [info] ExtensionService#_doActivateExtension christian-kohler.path-intellisense {"startup":true,"activationEvent":"*"}
[2019-06-12 16:55:41.483] [exthost] [info] ExtensionService#loadCommonJSModule /home/zhou/.vscode/extensions/christian-kohler.path-intellisense-1.4.2/out/src/extension
[2019-06-12 16:55:41.507] [exthost] [info] ExtensionService#_doActivateExtension CoenraadS.bracket-pair-colorizer {"startup":true,"activationEvent":"*"}
[2019-06-12 16:55:41.507] [exthost] [info] ExtensionService#loadCommonJSModule /home/zhou/.vscode/extensions/coenraads.bracket-pair-colorizer-1.0.61/out/src/extension
[2019-06-12 16:55:41.527] [exthost] [info] ExtensionService#_doActivateExtension CoenraadS.bracket-pair-colorizer-2 {"startup":true,"activationEvent":"*"}
[2019-06-12 16:55:41.527] [exthost] [info] ExtensionService#loadCommonJSModule /home/zhou/.vscode/extensions/coenraads.bracket-pair-colorizer-2-0.0.28/out/src/extension
[2019-06-12 16:55:41.556] [exthost] [info] ExtensionService#_doActivateExtension DavidHelmer.mavensmate {"startup":true,"activationEvent":"*"}
[2019-06-12 16:55:41.556] [exthost] [info] ExtensionService#loadCommonJSModule /home/zhou/.vscode/extensions/davidhelmer.mavensmate-0.16.3/out/src/extension
[2019-06-12 16:55:41.557] [exthost] [info] ExtensionService#_doActivateExtension dbaeumer.vscode-eslint {"startup":true,"activationEvent":"*"}
[2019-06-12 16:55:41.557] [exthost] [info] ExtensionService#loadCommonJSModule /home/zhou/.vscode/extensions/dbaeumer.vscode-eslint-1.9.0/client/out/extension
[2019-06-12 16:55:41.611] [exthost] [info] ExtensionService#_doActivateExtension eamodio.gitlens {"startup":true,"activationEvent":"*"}
[2019-06-12 16:55:41.611] [exthost] [info] ExtensionService#loadCommonJSModule /home/zhou/.vscode/extensions/eamodio.gitlens-9.8.2/dist/extension
[2019-06-12 16:55:41.782] [exthost] [info] ExtensionService#_doActivateExtension EditorConfig.EditorConfig {"startup":true,"activationEvent":"*"}
[2019-06-12 16:55:41.782] [exthost] [info] ExtensionService#loadCommonJSModule /home/zhou/.vscode/extensions/editorconfig.editorconfig-0.13.0/out/src/editorConfigMain
[2019-06-12 16:55:41.814] [exthost] [info] ExtensionService#_doActivateExtension Equinusocio.vsc-material-theme {"startup":true,"activationEvent":"*"}
[2019-06-12 16:55:41.814] [exthost] [info] ExtensionService#loadCommonJSModule /home/zhou/.vscode/extensions/equinusocio.vsc-material-theme-2.9.0/out/src/material.theme.config
[2019-06-12 16:55:41.825] [exthost] [info] ExtensionService#_doActivateExtension formulahendry.auto-close-tag {"startup":true,"activationEvent":"*"}
[2019-06-12 16:55:41.825] [exthost] [info] ExtensionService#loadCommonJSModule /home/zhou/.vscode/extensions/formulahendry.auto-close-tag-0.5.6/out/src/extension
[2019-06-12 16:55:41.827] [exthost] [info] ExtensionService#_doActivateExtension formulahendry.auto-rename-tag {"startup":true,"activationEvent":"*"}
[2019-06-12 16:55:41.827] [exthost] [info] ExtensionService#loadCommonJSModule /home/zhou/.vscode/extensions/formulahendry.auto-rename-tag-0.1.0/out/src/extension
[2019-06-12 16:55:41.830] [exthost] [info] ExtensionService#_doActivateExtension gabrielgrinberg.auto-run-command {"startup":true,"activationEvent":"*"}
[2019-06-12 16:55:41.830] [exthost] [info] ExtensionService#loadCommonJSModule /home/zhou/.vscode/extensions/gabrielgrinberg.auto-run-command-1.5.0/out/src/extension
[2019-06-12 16:55:41.832] [exthost] [info] ExtensionService#_doActivateExtension HookyQR.beautify {"startup":true,"activationEvent":"*"}
[2019-06-12 16:55:41.832] [exthost] [info] ExtensionService#loadCommonJSModule /home/zhou/.vscode/extensions/hookyqr.beautify-1.5.0/extension
[2019-06-12 16:55:41.896] [exthost] [info] ExtensionService#_doActivateExtension kisstkondoros.vscode-codemetrics {"startup":true,"activationEvent":"*"}
[2019-06-12 16:55:41.896] [exthost] [info] ExtensionService#loadCommonJSModule /home/zhou/.vscode/extensions/kisstkondoros.vscode-codemetrics-1.18.1/out/src/extension
[2019-06-12 16:55:42.447] [exthost] [info] ExtensionService#_doActivateExtension michelemelluso.code-beautifier {"startup":true,"activationEvent":"*"}
[2019-06-12 16:55:42.447] [exthost] [info] ExtensionService#loadCommonJSModule /home/zhou/.vscode/extensions/michelemelluso.code-beautifier-2.2.1/out/src/extension
[2019-06-12 16:55:42.486] [exthost] [info] ExtensionService#_doActivateExtension michelemelluso.gitignore {"startup":true,"activationEvent":"*"}
[2019-06-12 16:55:42.486] [exthost] [info] ExtensionService#loadCommonJSModule /home/zhou/.vscode/extensions/michelemelluso.gitignore-1.0.1/out/src/extension
[2019-06-12 16:55:42.487] [exthost] [info] ExtensionService#_doActivateExtension mkxml.vscode-filesize {"startup":true,"activationEvent":"*"}
[2019-06-12 16:55:42.487] [exthost] [info] ExtensionService#loadCommonJSModule /home/zhou/.vscode/extensions/mkxml.vscode-filesize-2.1.3/extension
[2019-06-12 16:55:42.539] [exthost] [info] ExtensionService#_doActivateExtension ms-vsliveshare.vsliveshare {"startup":true,"activationEvent":"*"}
[2019-06-12 16:55:42.539] [exthost] [info] ExtensionService#loadCommonJSModule /home/zhou/.vscode/extensions/ms-vsliveshare.vsliveshare-1.0.379/out/prod/extension-prod
[2019-06-12 16:55:43.249] [exthost] [info] ExtensionService#_doActivateExtension naumovs.color-highlight {"startup":true,"activationEvent":"*"}
[2019-06-12 16:55:43.249] [exthost] [info] ExtensionService#loadCommonJSModule /home/zhou/.vscode/extensions/naumovs.color-highlight-2.3.0/dist/extension
[2019-06-12 16:55:43.294] [exthost] [info] ExtensionService#_doActivateExtension oderwat.indent-rainbow {"startup":true,"activationEvent":"*"}
[2019-06-12 16:55:43.294] [exthost] [info] ExtensionService#loadCommonJSModule /home/zhou/.vscode/extensions/oderwat.indent-rainbow-7.4.0/out/extension
[2019-06-12 16:55:43.296] [exthost] [info] ExtensionService#_doActivateExtension Shan.code-settings-sync {"startup":true,"activationEvent":"*"}
[2019-06-12 16:55:43.296] [exthost] [info] ExtensionService#loadCommonJSModule /home/zhou/.vscode/extensions/shan.code-settings-sync-3.2.9/out/extension.js
[2019-06-12 16:55:43.466] [exthost] [info] ExtensionService#_doActivateExtension shardulm94.trailing-spaces {"startup":true,"activationEvent":"*"}
[2019-06-12 16:55:43.466] [exthost] [info] ExtensionService#loadCommonJSModule /home/zhou/.vscode/extensions/shardulm94.trailing-spaces-0.3.1/out/src/extension
[2019-06-12 16:55:43.488] [exthost] [info] ExtensionService#_doActivateExtension streetsidesoftware.code-spell-checker {"startup":true,"activationEvent":"*"}
[2019-06-12 16:55:43.488] [exthost] [info] ExtensionService#loadCommonJSModule /home/zhou/.vscode/extensions/streetsidesoftware.code-spell-checker-1.7.16/dist/extension
[2019-06-12 16:55:43.602] [exthost] [info] ExtensionService#_doActivateExtension vincaslt.highlight-matching-tag {"startup":true,"activationEvent":"*"}
[2019-06-12 16:55:43.602] [exthost] [info] ExtensionService#loadCommonJSModule /home/zhou/.vscode/extensions/vincaslt.highlight-matching-tag-0.9.2/out/src/extension
[2019-06-12 16:55:43.617] [exthost] [info] ExtensionService#_doActivateExtension weids.filesize {"startup":true,"activationEvent":"*"}
[2019-06-12 16:55:43.617] [exthost] [info] ExtensionService#loadCommonJSModule /home/zhou/.vscode/extensions/weids.filesize-1.0.1/extension
[2019-06-12 16:55:43.618] [exthost] [info] ExtensionService#_doActivateExtension wk-j.save-and-run {"startup":true,"activationEvent":"*"}
[2019-06-12 16:55:43.618] [exthost] [info] ExtensionService#loadCommonJSModule /home/zhou/.vscode/extensions/wk-j.save-and-run-0.0.21/out/src/extension
[2019-06-12 16:55:43.622] [exthost] [info] ExtensionService#_doActivateExtension YouMayCallMeV.vscode-java-saber {"startup":true,"activationEvent":"*"}
[2019-06-12 16:55:43.622] [exthost] [info] ExtensionService#loadCommonJSModule /home/zhou/.vscode/extensions/youmaycallmev.vscode-java-saber-0.1.0/extension
[2019-06-12 16:55:43.664] [exthost] [info] ExtensionService#_doActivateExtension yutent.file-stat {"startup":true,"activationEvent":"*"}
[2019-06-12 16:55:43.664] [exthost] [info] ExtensionService#loadCommonJSModule /home/zhou/.vscode/extensions/yutent.file-stat-1.1.0/index
[2019-06-12 16:55:43.665] [exthost] [info] ExtensionService#_doActivateExtension zh9528.file-size {"startup":true,"activationEvent":"*"}
[2019-06-12 16:55:43.665] [exthost] [info] ExtensionService#loadCommonJSModule /home/zhou/.vscode/extensions/zh9528.file-size-0.1.3/extension
[2019-06-12 16:55:43.668] [exthost] [info] eager extensions activated
[2019-06-12 16:55:55.267] [exthost] [info] ExtensionService#_doActivateExtension vscjava.vscode-java-debug {"startup":false,"activationEvent":"onView:testExplorer"}
[2019-06-12 16:55:55.267] [exthost] [info] ExtensionService#loadCommonJSModule /home/zhou/.vscode/extensions/vscjava.vscode-java-debug-0.19.0/dist/extension
[2019-06-12 16:55:56.099] [exthost] [info] ExtensionService#_doActivateExtension vscjava.vscode-java-test {"startup":false,"activationEvent":"onView:testExplorer"}
[2019-06-12 16:55:56.099] [exthost] [info] ExtensionService#loadCommonJSModule /home/zhou/.vscode/extensions/vscjava.vscode-java-test-0.18.0/dist/extension
[2019-06-12 16:55:57.009] [exthost] [info] ExtensionService#_doActivateExtension vscjava.vscode-java-dependency {"startup":false,"activationEvent":"onLanguage:java"}
[2019-06-12 16:55:57.009] [exthost] [info] ExtensionService#loadCommonJSModule /home/zhou/.vscode/extensions/vscjava.vscode-java-dependency-0.5.0/dist/extension
[2019-06-12 16:55:57.141] [exthost] [info] ExtensionService#_doActivateExtension yaozheng.vscode-pde {"startup":false,"activationEvent":"onLanguage:java"}
[2019-06-12 16:55:57.141] [exthost] [info] ExtensionService#loadCommonJSModule /home/zhou/.vscode/extensions/yaozheng.vscode-pde-0.1.0/out/src/extension
[2019-06-12 16:56:00.872] [exthost] [info] ExtensionService#_doActivateExtension ms-vsliveshare.vsliveshare-audio {"startup":true,"activationEvent":"*"}
[2019-06-12 16:56:00.872] [exthost] [info] ExtensionService#loadCommonJSModule /home/zhou/.vscode/extensions/ms-vsliveshare.vsliveshare-audio-0.1.50/out/extension
[2019-06-12 16:56:34.002] [exthost] [info] ExtensionService#_doActivateExtension Pivotal.vscode-spring-boot {"startup":false,"activationEvent":"onLanguage:java"}
[2019-06-12 16:56:34.002] [exthost] [info] ExtensionService#loadCommonJSModule /home/zhou/.vscode/extensions/pivotal.vscode-spring-boot-1.7.0/out/lib/Main
[2019-06-12 16:56:43.673] [exthost] [info] extension host started
[2019-06-12 16:56:43.748] [exthost] [info] ExtensionService#_doActivateExtension vscode.debug-auto-launch {"startup":true,"activationEvent":"*"}
[2019-06-12 16:56:43.748] [exthost] [info] ExtensionService#loadCommonJSModule /home/zhou/workspace/program/Editor/Vscode/install/VSCode-linux-x64/resources/app/extensions/debug-auto-launch/dist/extension
[2019-06-12 16:56:43.754] [exthost] [info] ExtensionService#_doActivateExtension vscode.emmet {"startup":true,"activationEvent":"*"}
[2019-06-12 16:56:43.754] [exthost] [info] ExtensionService#loadCommonJSModule /home/zhou/workspace/program/Editor/Vscode/install/VSCode-linux-x64/resources/app/extensions/emmet/dist/extension
[2019-06-12 16:56:43.783] [exthost] [info] ExtensionService#_doActivateExtension vscode.git {"startup":true,"activationEvent":"*"}
[2019-06-12 16:56:43.783] [exthost] [info] ExtensionService#loadCommonJSModule /home/zhou/workspace/program/Editor/Vscode/install/VSCode-linux-x64/resources/app/extensions/git/dist/main
[2019-06-12 16:56:43.929] [exthost] [info] ExtensionService#_doActivateExtension vscode.merge-conflict {"startup":true,"activationEvent":"*"}
[2019-06-12 16:56:43.929] [exthost] [info] ExtensionService#loadCommonJSModule /home/zhou/workspace/program/Editor/Vscode/install/VSCode-linux-x64/resources/app/extensions/merge-conflict/dist/extension
[2019-06-12 16:56:43.939] [exthost] [info] ExtensionService#_doActivateExtension alefragnani.project-manager {"startup":true,"activationEvent":"*"}
[2019-06-12 16:56:43.939] [exthost] [info] ExtensionService#loadCommonJSModule /home/zhou/.vscode/extensions/alefragnani.project-manager-10.5.2/dist/extension
[2019-06-12 16:56:43.957] [exthost] [info] ExtensionService#_doActivateExtension christian-kohler.path-intellisense {"startup":true,"activationEvent":"*"}
[2019-06-12 16:56:43.957] [exthost] [info] ExtensionService#loadCommonJSModule /home/zhou/.vscode/extensions/christian-kohler.path-intellisense-1.4.2/out/src/extension
[2019-06-12 16:56:43.973] [exthost] [info] ExtensionService#_doActivateExtension CoenraadS.bracket-pair-colorizer {"startup":true,"activationEvent":"*"}
[2019-06-12 16:56:43.973] [exthost] [info] ExtensionService#loadCommonJSModule /home/zhou/.vscode/extensions/coenraads.bracket-pair-colorizer-1.0.61/out/src/extension
[2019-06-12 16:56:44.003] [exthost] [info] ExtensionService#_doActivateExtension CoenraadS.bracket-pair-colorizer-2 {"startup":true,"activationEvent":"*"}
[2019-06-12 16:56:44.003] [exthost] [info] ExtensionService#loadCommonJSModule /home/zhou/.vscode/extensions/coenraads.bracket-pair-colorizer-2-0.0.28/out/src/extension
[2019-06-12 16:56:44.029] [exthost] [info] ExtensionService#_doActivateExtension DavidHelmer.mavensmate {"startup":true,"activationEvent":"*"}
[2019-06-12 16:56:44.029] [exthost] [info] ExtensionService#loadCommonJSModule /home/zhou/.vscode/extensions/davidhelmer.mavensmate-0.16.3/out/src/extension
[2019-06-12 16:56:44.030] [exthost] [info] ExtensionService#_doActivateExtension dbaeumer.vscode-eslint {"startup":true,"activationEvent":"*"}
[2019-06-12 16:56:44.030] [exthost] [info] ExtensionService#loadCommonJSModule /home/zhou/.vscode/extensions/dbaeumer.vscode-eslint-1.9.0/client/out/extension
[2019-06-12 16:56:44.076] [exthost] [info] ExtensionService#_doActivateExtension eamodio.gitlens {"startup":true,"activationEvent":"*"}
[2019-06-12 16:56:44.076] [exthost] [info] ExtensionService#loadCommonJSModule /home/zhou/.vscode/extensions/eamodio.gitlens-9.8.2/dist/extension
[2019-06-12 16:56:44.238] [exthost] [info] ExtensionService#_doActivateExtension EditorConfig.EditorConfig {"startup":true,"activationEvent":"*"}
[2019-06-12 16:56:44.238] [exthost] [info] ExtensionService#loadCommonJSModule /home/zhou/.vscode/extensions/editorconfig.editorconfig-0.13.0/out/src/editorConfigMain
[2019-06-12 16:56:44.270] [exthost] [info] ExtensionService#_doActivateExtension Equinusocio.vsc-material-theme {"startup":true,"activationEvent":"*"}
[2019-06-12 16:56:44.270] [exthost] [info] ExtensionService#loadCommonJSModule /home/zhou/.vscode/extensions/equinusocio.vsc-material-theme-2.9.0/out/src/material.theme.config
[2019-06-12 16:56:44.279] [exthost] [info] ExtensionService#_doActivateExtension formulahendry.auto-close-tag {"startup":true,"activationEvent":"*"}
[2019-06-12 16:56:44.279] [exthost] [info] ExtensionService#loadCommonJSModule /home/zhou/.vscode/extensions/formulahendry.auto-close-tag-0.5.6/out/src/extension
[2019-06-12 16:56:44.280] [exthost] [info] ExtensionService#_doActivateExtension formulahendry.auto-rename-tag {"startup":true,"activationEvent":"*"}
[2019-06-12 16:56:44.280] [exthost] [info] ExtensionService#loadCommonJSModule /home/zhou/.vscode/extensions/formulahendry.auto-rename-tag-0.1.0/out/src/extension
[2019-06-12 16:56:44.282] [exthost] [info] ExtensionService#_doActivateExtension gabrielgrinberg.auto-run-command {"startup":true,"activationEvent":"*"}
[2019-06-12 16:56:44.282] [exthost] [info] ExtensionService#loadCommonJSModule /home/zhou/.vscode/extensions/gabrielgrinberg.auto-run-command-1.5.0/out/src/extension
[2019-06-12 16:56:44.285] [exthost] [info] ExtensionService#_doActivateExtension HookyQR.beautify {"startup":true,"activationEvent":"*"}
[2019-06-12 16:56:44.285] [exthost] [info] ExtensionService#loadCommonJSModule /home/zhou/.vscode/extensions/hookyqr.beautify-1.5.0/extension
[2019-06-12 16:56:44.367] [exthost] [info] ExtensionService#_doActivateExtension kisstkondoros.vscode-codemetrics {"startup":true,"activationEvent":"*"}
[2019-06-12 16:56:44.367] [exthost] [info] ExtensionService#loadCommonJSModule /home/zhou/.vscode/extensions/kisstkondoros.vscode-codemetrics-1.18.1/out/src/extension
[2019-06-12 16:56:44.803] [exthost] [info] ExtensionService#_doActivateExtension michelemelluso.code-beautifier {"startup":true,"activationEvent":"*"}
[2019-06-12 16:56:44.803] [exthost] [info] ExtensionService#loadCommonJSModule /home/zhou/.vscode/extensions/michelemelluso.code-beautifier-2.2.1/out/src/extension
[2019-06-12 16:56:44.835] [exthost] [info] ExtensionService#_doActivateExtension michelemelluso.gitignore {"startup":true,"activationEvent":"*"}
[2019-06-12 16:56:44.835] [exthost] [info] ExtensionService#loadCommonJSModule /home/zhou/.vscode/extensions/michelemelluso.gitignore-1.0.1/out/src/extension
[2019-06-12 16:56:44.836] [exthost] [info] ExtensionService#_doActivateExtension mkxml.vscode-filesize {"startup":true,"activationEvent":"*"}
[2019-06-12 16:56:44.836] [exthost] [info] ExtensionService#loadCommonJSModule /home/zhou/.vscode/extensions/mkxml.vscode-filesize-2.1.3/extension
[2019-06-12 16:56:44.880] [exthost] [info] ExtensionService#_doActivateExtension ms-vsliveshare.vsliveshare {"startup":true,"activationEvent":"*"}
[2019-06-12 16:56:44.880] [exthost] [info] ExtensionService#loadCommonJSModule /home/zhou/.vscode/extensions/ms-vsliveshare.vsliveshare-1.0.379/out/prod/extension-prod
[2019-06-12 16:56:45.456] [exthost] [info] ExtensionService#_doActivateExtension naumovs.color-highlight {"startup":true,"activationEvent":"*"}
[2019-06-12 16:56:45.456] [exthost] [info] ExtensionService#loadCommonJSModule /home/zhou/.vscode/extensions/naumovs.color-highlight-2.3.0/dist/extension
[2019-06-12 16:56:45.496] [exthost] [info] ExtensionService#_doActivateExtension oderwat.indent-rainbow {"startup":true,"activationEvent":"*"}
[2019-06-12 16:56:45.496] [exthost] [info] ExtensionService#loadCommonJSModule /home/zhou/.vscode/extensions/oderwat.indent-rainbow-7.4.0/out/extension
[2019-06-12 16:56:45.498] [exthost] [info] ExtensionService#_doActivateExtension Shan.code-settings-sync {"startup":true,"activationEvent":"*"}
[2019-06-12 16:56:45.498] [exthost] [info] ExtensionService#loadCommonJSModule /home/zhou/.vscode/extensions/shan.code-settings-sync-3.2.9/out/extension.js
[2019-06-12 16:56:45.638] [exthost] [info] ExtensionService#_doActivateExtension shardulm94.trailing-spaces {"startup":true,"activationEvent":"*"}
[2019-06-12 16:56:45.638] [exthost] [info] ExtensionService#loadCommonJSModule /home/zhou/.vscode/extensions/shardulm94.trailing-spaces-0.3.1/out/src/extension
[2019-06-12 16:56:45.656] [exthost] [info] ExtensionService#_doActivateExtension streetsidesoftware.code-spell-checker {"startup":true,"activationEvent":"*"}
[2019-06-12 16:56:45.656] [exthost] [info] ExtensionService#loadCommonJSModule /home/zhou/.vscode/extensions/streetsidesoftware.code-spell-checker-1.7.16/dist/extension
[2019-06-12 16:56:45.748] [exthost] [info] ExtensionService#_doActivateExtension vincaslt.highlight-matching-tag {"startup":true,"activationEvent":"*"}
[2019-06-12 16:56:45.748] [exthost] [info] ExtensionService#loadCommonJSModule /home/zhou/.vscode/extensions/vincaslt.highlight-matching-tag-0.9.2/out/src/extension
[2019-06-12 16:56:45.758] [exthost] [info] ExtensionService#_doActivateExtension weids.filesize {"startup":true,"activationEvent":"*"}
[2019-06-12 16:56:45.758] [exthost] [info] ExtensionService#loadCommonJSModule /home/zhou/.vscode/extensions/weids.filesize-1.0.1/extension
[2019-06-12 16:56:45.759] [exthost] [info] ExtensionService#_doActivateExtension wk-j.save-and-run {"startup":true,"activationEvent":"*"}
[2019-06-12 16:56:45.759] [exthost] [info] ExtensionService#loadCommonJSModule /home/zhou/.vscode/extensions/wk-j.save-and-run-0.0.21/out/src/extension
[2019-06-12 16:56:45.761] [exthost] [info] ExtensionService#_doActivateExtension YouMayCallMeV.vscode-java-saber {"startup":true,"activationEvent":"*"}
[2019-06-12 16:56:45.761] [exthost] [info] ExtensionService#loadCommonJSModule /home/zhou/.vscode/extensions/youmaycallmev.vscode-java-saber-0.1.0/extension
[2019-06-12 16:56:45.803] [exthost] [info] ExtensionService#_doActivateExtension yutent.file-stat {"startup":true,"activationEvent":"*"}
[2019-06-12 16:56:45.803] [exthost] [info] ExtensionService#loadCommonJSModule /home/zhou/.vscode/extensions/yutent.file-stat-1.1.0/index
[2019-06-12 16:56:45.804] [exthost] [info] ExtensionService#_doActivateExtension zh9528.file-size {"startup":true,"activationEvent":"*"}
[2019-06-12 16:56:45.804] [exthost] [info] ExtensionService#loadCommonJSModule /home/zhou/.vscode/extensions/zh9528.file-size-0.1.3/extension
[2019-06-12 16:56:45.805] [exthost] [info] eager extensions activated
[2019-06-12 16:56:49.225] [exthost] [info] ExtensionService#_doActivateExtension ms-vsliveshare.vsliveshare-audio {"startup":true,"activationEvent":"*"}
[2019-06-12 16:56:49.225] [exthost] [info] ExtensionService#loadCommonJSModule /home/zhou/.vscode/extensions/ms-vsliveshare.vsliveshare-audio-0.1.50/out/extension
[2019-06-12 16:57:11.524] [exthost] [info] ExtensionService#_doActivateExtension ms-vscode.azure-account {"startup":false,"activationEvent":"onView:azureFunctionsExplorer"}
[2019-06-12 16:57:11.524] [exthost] [info] ExtensionService#loadCommonJSModule /home/zhou/.vscode/extensions/ms-vscode.azure-account-0.8.4/dist/extension
[2019-06-12 16:57:12.001] [exthost] [info] ExtensionService#_doActivateExtension ms-azuretools.vscode-azurefunctions {"startup":false,"activationEvent":"onView:azureFunctionsExplorer"}
[2019-06-12 16:57:12.001] [exthost] [info] ExtensionService#loadCommonJSModule /home/zhou/.vscode/extensions/ms-azuretools.vscode-azurefunctions-0.17.1/main.js
[2019-06-12 16:57:17.951] [exthost] [info] ExtensionService#_doActivateExtension PeterJausovec.vscode-docker {"startup":false,"activationEvent":"onView:dockerExplorer"}
[2019-06-12 16:57:17.951] [exthost] [info] ExtensionService#loadCommonJSModule /home/zhou/.vscode/extensions/peterjausovec.vscode-docker-0.6.2/main
[2019-06-12 16:57:21.222] [exthost] [info] ExtensionService#_doActivateExtension shengchen.vscode-leetcode {"startup":false,"activationEvent":"onView:leetCodeExplorer"}
[2019-06-12 16:57:21.222] [exthost] [info] ExtensionService#loadCommonJSModule /home/zhou/.vscode/extensions/shengchen.vscode-leetcode-0.15.0/out/src/extension
[2019-06-12 16:57:28.169] [exthost] [info] ExtensionService#_doActivateExtension redhat.java {"startup":false,"activationEvent":"onView:testExplorer"}
[2019-06-12 16:57:28.169] [exthost] [info] ExtensionService#loadCommonJSModule /home/zhou/.vscode/extensions/redhat.java-0.46.0/dist/extension
[2019-06-12 16:57:35.254] [exthost] [info] ExtensionService#_doActivateExtension vscjava.vscode-java-debug {"startup":false,"activationEvent":"onView:testExplorer"}
[2019-06-12 16:57:35.254] [exthost] [info] ExtensionService#loadCommonJSModule /home/zhou/.vscode/extensions/vscjava.vscode-java-debug-0.19.0/dist/extension
[2019-06-12 16:57:35.459] [exthost] [info] ExtensionService#_doActivateExtension vscjava.vscode-java-test {"startup":false,"activationEvent":"onView:testExplorer"}
[2019-06-12 16:57:35.459] [exthost] [info] ExtensionService#loadCommonJSModule /home/zhou/.vscode/extensions/vscjava.vscode-java-test-0.18.0/dist/extension
