[2019-06-12 01:33:41.717] [exthost] [info] extension host started
[2019-06-12 01:33:42.095] [exthost] [info] ExtensionService#_doActivateExtension faustinoaq.javac-linter {"startup":false,"activationEvent":"onLanguage:java"}
[2019-06-12 01:33:42.095] [exthost] [info] ExtensionService#loadCommonJSModule /home/zhou/.vscode/extensions/faustinoaq.javac-linter-1.3.1/out/src/Main
[2019-06-12 01:33:42.227] [exthost] [info] ExtensionService#_doActivateExtension GabrielBB.vscode-lombok {"startup":false,"activationEvent":"onLanguage:java"}
[2019-06-12 01:33:42.227] [exthost] [info] ExtensionService#loadCommonJSModule /home/zhou/.vscode/extensions/gabrielbb.vscode-lombok-0.9.8/out/index
[2019-06-12 01:33:42.292] [exthost] [info] ExtensionService#_doActivateExtension redhat.java {"startup":false,"activationEvent":"onLanguage:java"}
[2019-06-12 01:33:42.292] [exthost] [info] ExtensionService#loadCommonJSModule /home/zhou/.vscode/extensions/redhat.java-0.46.0/dist/extension
[2019-06-12 01:33:42.392] [exthost] [info] ExtensionService#_doActivateExtension VisualStudioExptTeam.vscodeintellicode {"startup":false,"activationEvent":"onLanguage:java"}
[2019-06-12 01:33:42.392] [exthost] [info] ExtensionService#loadCommonJSModule /home/zhou/.vscode/extensions/visualstudioexptteam.vscodeintellicode-1.1.6/dist/intellicode
[2019-06-12 01:33:42.656] [exthost] [info] ExtensionService#_doActivateExtension vscjava.vscode-java-pack {"startup":false,"activationEvent":"onLanguage:java"}
[2019-06-12 01:33:42.656] [exthost] [info] ExtensionService#loadCommonJSModule /home/zhou/.vscode/extensions/vscjava.vscode-java-pack-0.7.1/out/extension
[2019-06-12 01:33:42.942] [exthost] [info] ExtensionService#_doActivateExtension vscode.debug-auto-launch {"startup":true,"activationEvent":"*"}
[2019-06-12 01:33:42.943] [exthost] [info] ExtensionService#loadCommonJSModule /home/zhou/workspace/program/Editor/Vscode/install/VSCode-linux-x64/resources/app/extensions/debug-auto-launch/dist/extension
[2019-06-12 01:33:43.020] [exthost] [info] ExtensionService#_doActivateExtension vscode.emmet {"startup":true,"activationEvent":"*"}
[2019-06-12 01:33:43.020] [exthost] [info] ExtensionService#loadCommonJSModule /home/zhou/workspace/program/Editor/Vscode/install/VSCode-linux-x64/resources/app/extensions/emmet/dist/extension
[2019-06-12 01:33:43.074] [exthost] [info] ExtensionService#_doActivateExtension vscode.git {"startup":true,"activationEvent":"*"}
[2019-06-12 01:33:43.074] [exthost] [info] ExtensionService#loadCommonJSModule /home/zhou/workspace/program/Editor/Vscode/install/VSCode-linux-x64/resources/app/extensions/git/dist/main
[2019-06-12 01:33:43.547] [exthost] [info] ExtensionService#_doActivateExtension vscode.merge-conflict {"startup":true,"activationEvent":"*"}
[2019-06-12 01:33:43.547] [exthost] [info] ExtensionService#loadCommonJSModule /home/zhou/workspace/program/Editor/Vscode/install/VSCode-linux-x64/resources/app/extensions/merge-conflict/dist/extension
[2019-06-12 01:33:43.633] [exthost] [info] ExtensionService#_doActivateExtension alefragnani.project-manager {"startup":true,"activationEvent":"*"}
[2019-06-12 01:33:43.634] [exthost] [info] ExtensionService#loadCommonJSModule /home/zhou/.vscode/extensions/alefragnani.project-manager-10.5.2/dist/extension
[2019-06-12 01:33:43.682] [exthost] [info] ExtensionService#_doActivateExtension christian-kohler.path-intellisense {"startup":true,"activationEvent":"*"}
[2019-06-12 01:33:43.685] [exthost] [info] ExtensionService#loadCommonJSModule /home/zhou/.vscode/extensions/christian-kohler.path-intellisense-1.4.2/out/src/extension
[2019-06-12 01:33:43.748] [exthost] [info] ExtensionService#_doActivateExtension CoenraadS.bracket-pair-colorizer {"startup":true,"activationEvent":"*"}
[2019-06-12 01:33:43.748] [exthost] [info] ExtensionService#loadCommonJSModule /home/zhou/.vscode/extensions/coenraads.bracket-pair-colorizer-1.0.61/out/src/extension
[2019-06-12 01:33:43.845] [exthost] [info] ExtensionService#_doActivateExtension CoenraadS.bracket-pair-colorizer-2 {"startup":true,"activationEvent":"*"}
[2019-06-12 01:33:43.845] [exthost] [info] ExtensionService#loadCommonJSModule /home/zhou/.vscode/extensions/coenraads.bracket-pair-colorizer-2-0.0.28/out/src/extension
[2019-06-12 01:33:44.001] [exthost] [info] ExtensionService#_doActivateExtension DavidHelmer.mavensmate {"startup":true,"activationEvent":"*"}
[2019-06-12 01:33:44.001] [exthost] [info] ExtensionService#loadCommonJSModule /home/zhou/.vscode/extensions/davidhelmer.mavensmate-0.16.3/out/src/extension
[2019-06-12 01:33:44.025] [exthost] [info] ExtensionService#_doActivateExtension dbaeumer.vscode-eslint {"startup":true,"activationEvent":"*"}
[2019-06-12 01:33:44.025] [exthost] [info] ExtensionService#loadCommonJSModule /home/zhou/.vscode/extensions/dbaeumer.vscode-eslint-1.9.0/client/out/extension
[2019-06-12 01:33:44.183] [exthost] [info] ExtensionService#_doActivateExtension eamodio.gitlens {"startup":true,"activationEvent":"*"}
[2019-06-12 01:33:44.184] [exthost] [info] ExtensionService#loadCommonJSModule /home/zhou/.vscode/extensions/eamodio.gitlens-9.8.2/dist/extension
[2019-06-12 01:33:44.505] [exthost] [info] ExtensionService#_doActivateExtension EditorConfig.EditorConfig {"startup":true,"activationEvent":"*"}
[2019-06-12 01:33:44.505] [exthost] [info] ExtensionService#loadCommonJSModule /home/zhou/.vscode/extensions/editorconfig.editorconfig-0.13.0/out/src/editorConfigMain
[2019-06-12 01:33:44.739] [exthost] [info] ExtensionService#_doActivateExtension Equinusocio.vsc-material-theme {"startup":true,"activationEvent":"*"}
[2019-06-12 01:33:44.739] [exthost] [info] ExtensionService#loadCommonJSModule /home/zhou/.vscode/extensions/equinusocio.vsc-material-theme-2.9.0/out/src/material.theme.config
[2019-06-12 01:33:44.801] [exthost] [info] ExtensionService#_doActivateExtension formulahendry.auto-close-tag {"startup":true,"activationEvent":"*"}
[2019-06-12 01:33:44.801] [exthost] [info] ExtensionService#loadCommonJSModule /home/zhou/.vscode/extensions/formulahendry.auto-close-tag-0.5.6/out/src/extension
[2019-06-12 01:33:44.826] [exthost] [info] ExtensionService#_doActivateExtension formulahendry.auto-rename-tag {"startup":true,"activationEvent":"*"}
[2019-06-12 01:33:44.826] [exthost] [info] ExtensionService#loadCommonJSModule /home/zhou/.vscode/extensions/formulahendry.auto-rename-tag-0.1.0/out/src/extension
[2019-06-12 01:33:44.832] [exthost] [info] ExtensionService#_doActivateExtension gabrielgrinberg.auto-run-command {"startup":true,"activationEvent":"*"}
[2019-06-12 01:33:44.832] [exthost] [info] ExtensionService#loadCommonJSModule /home/zhou/.vscode/extensions/gabrielgrinberg.auto-run-command-1.5.0/out/src/extension
[2019-06-12 01:33:44.849] [exthost] [info] ExtensionService#_doActivateExtension HookyQR.beautify {"startup":true,"activationEvent":"*"}
[2019-06-12 01:33:44.849] [exthost] [info] ExtensionService#loadCommonJSModule /home/zhou/.vscode/extensions/hookyqr.beautify-1.5.0/extension
[2019-06-12 01:33:45.089] [exthost] [info] ExtensionService#_doActivateExtension kisstkondoros.vscode-codemetrics {"startup":true,"activationEvent":"*"}
[2019-06-12 01:33:45.089] [exthost] [info] ExtensionService#loadCommonJSModule /home/zhou/.vscode/extensions/kisstkondoros.vscode-codemetrics-1.18.1/out/src/extension
[2019-06-12 01:33:46.783] [exthost] [info] ExtensionService#_doActivateExtension michelemelluso.code-beautifier {"startup":true,"activationEvent":"*"}
[2019-06-12 01:33:46.783] [exthost] [info] ExtensionService#loadCommonJSModule /home/zhou/.vscode/extensions/michelemelluso.code-beautifier-2.2.1/out/src/extension
[2019-06-12 01:33:46.938] [exthost] [info] ExtensionService#_doActivateExtension michelemelluso.gitignore {"startup":true,"activationEvent":"*"}
[2019-06-12 01:33:46.938] [exthost] [info] ExtensionService#loadCommonJSModule /home/zhou/.vscode/extensions/michelemelluso.gitignore-1.0.1/out/src/extension
[2019-06-12 01:33:46.965] [exthost] [info] ExtensionService#_doActivateExtension mkxml.vscode-filesize {"startup":true,"activationEvent":"*"}
[2019-06-12 01:33:46.965] [exthost] [info] ExtensionService#loadCommonJSModule /home/zhou/.vscode/extensions/mkxml.vscode-filesize-2.1.3/extension
[2019-06-12 01:33:47.165] [exthost] [info] ExtensionService#_doActivateExtension ms-vsliveshare.vsliveshare {"startup":true,"activationEvent":"*"}
[2019-06-12 01:33:47.165] [exthost] [info] ExtensionService#loadCommonJSModule /home/zhou/.vscode/extensions/ms-vsliveshare.vsliveshare-1.0.337/out/prod/extension-prod
[2019-06-12 01:33:48.545] [exthost] [info] ExtensionService#_doActivateExtension naumovs.color-highlight {"startup":true,"activationEvent":"*"}
[2019-06-12 01:33:48.545] [exthost] [info] ExtensionService#loadCommonJSModule /home/zhou/.vscode/extensions/naumovs.color-highlight-2.3.0/dist/extension
[2019-06-12 01:33:48.638] [exthost] [info] ExtensionService#_doActivateExtension oderwat.indent-rainbow {"startup":true,"activationEvent":"*"}
[2019-06-12 01:33:48.638] [exthost] [info] ExtensionService#loadCommonJSModule /home/zhou/.vscode/extensions/oderwat.indent-rainbow-7.4.0/out/extension
[2019-06-12 01:33:48.658] [exthost] [info] ExtensionService#_doActivateExtension Shan.code-settings-sync {"startup":true,"activationEvent":"*"}
[2019-06-12 01:33:48.658] [exthost] [info] ExtensionService#loadCommonJSModule /home/zhou/.vscode/extensions/shan.code-settings-sync-3.2.9/out/extension.js
[2019-06-12 01:33:48.999] [exthost] [info] ExtensionService#_doActivateExtension shardulm94.trailing-spaces {"startup":true,"activationEvent":"*"}
[2019-06-12 01:33:48.999] [exthost] [info] ExtensionService#loadCommonJSModule /home/zhou/.vscode/extensions/shardulm94.trailing-spaces-0.3.1/out/src/extension
[2019-06-12 01:33:49.099] [exthost] [info] ExtensionService#_doActivateExtension streetsidesoftware.code-spell-checker {"startup":true,"activationEvent":"*"}
[2019-06-12 01:33:49.099] [exthost] [info] ExtensionService#loadCommonJSModule /home/zhou/.vscode/extensions/streetsidesoftware.code-spell-checker-1.7.16/dist/extension
[2019-06-12 01:33:49.297] [exthost] [info] ExtensionService#_doActivateExtension vincaslt.highlight-matching-tag {"startup":true,"activationEvent":"*"}
[2019-06-12 01:33:49.297] [exthost] [info] ExtensionService#loadCommonJSModule /home/zhou/.vscode/extensions/vincaslt.highlight-matching-tag-0.9.2/out/src/extension
[2019-06-12 01:33:49.364] [exthost] [info] ExtensionService#_doActivateExtension weids.filesize {"startup":true,"activationEvent":"*"}
[2019-06-12 01:33:49.364] [exthost] [info] ExtensionService#loadCommonJSModule /home/zhou/.vscode/extensions/weids.filesize-1.0.1/extension
[2019-06-12 01:33:49.379] [exthost] [info] ExtensionService#_doActivateExtension wk-j.save-and-run {"startup":true,"activationEvent":"*"}
[2019-06-12 01:33:49.379] [exthost] [info] ExtensionService#loadCommonJSModule /home/zhou/.vscode/extensions/wk-j.save-and-run-0.0.21/out/src/extension
[2019-06-12 01:33:49.411] [exthost] [info] ExtensionService#_doActivateExtension YouMayCallMeV.vscode-java-saber {"startup":true,"activationEvent":"*"}
[2019-06-12 01:33:49.411] [exthost] [info] ExtensionService#loadCommonJSModule /home/zhou/.vscode/extensions/youmaycallmev.vscode-java-saber-0.1.0/extension
[2019-06-12 01:33:49.679] [exthost] [info] ExtensionService#_doActivateExtension yutent.file-stat {"startup":true,"activationEvent":"*"}
[2019-06-12 01:33:49.679] [exthost] [info] ExtensionService#loadCommonJSModule /home/zhou/.vscode/extensions/yutent.file-stat-1.1.0/index
[2019-06-12 01:33:49.691] [exthost] [info] ExtensionService#_doActivateExtension zh9528.file-size {"startup":true,"activationEvent":"*"}
[2019-06-12 01:33:49.691] [exthost] [info] ExtensionService#loadCommonJSModule /home/zhou/.vscode/extensions/zh9528.file-size-0.1.3/extension
[2019-06-12 01:33:49.708] [exthost] [info] eager extensions activated
[2019-06-12 01:34:00.221] [exthost] [info] ExtensionService#_doActivateExtension ms-vsliveshare.vsliveshare-audio {"startup":true,"activationEvent":"*"}
[2019-06-12 01:34:00.221] [exthost] [info] ExtensionService#loadCommonJSModule /home/zhou/.vscode/extensions/ms-vsliveshare.vsliveshare-audio-0.1.50/out/extension
[2019-06-12 01:34:10.403] [exthost] [info] ExtensionService#_doActivateExtension formulahendry.code-runner {"startup":false,"activationEvent":"onCommand:code-runner.run"}
[2019-06-12 01:34:10.403] [exthost] [info] ExtensionService#loadCommonJSModule /home/zhou/.vscode/extensions/formulahendry.code-runner-0.9.10/out/src/extension
[2019-06-12 01:34:10.800] [exthost] [error] onWillSaveTextDocument-listener from extension 'redhat.java' threw ERROR
[2019-06-12 01:34:10.800] [exthost] [error] Error: timeout
	at Timeout.define._deliverEventAsync.setTimeout [as _onTimeout] (/home/zhou/workspace/program/Editor/Vscode/install/VSCode-linux-x64/resources/app/out/vs/workbench/services/extensions/node/extensionHostProcess.js:446:964)
	at ontimeout (timers.js:427:11)
	at tryOnTimeout (timers.js:289:5)
	at listOnTimeout (timers.js:252:5)
	at Timer.processTimers (timers.js:212:10)
[2019-06-12 01:34:16.203] [exthost] [info] ExtensionService#_doActivateExtension vscjava.vscode-java-debug {"startup":false,"activationEvent":"onLanguage:java"}
[2019-06-12 01:34:16.203] [exthost] [info] ExtensionService#loadCommonJSModule /home/zhou/.vscode/extensions/vscjava.vscode-java-debug-0.19.0/dist/extension
[2019-06-12 01:34:16.447] [exthost] [info] ExtensionService#_doActivateExtension vscjava.vscode-java-dependency {"startup":false,"activationEvent":"onLanguage:java"}
[2019-06-12 01:34:16.448] [exthost] [info] ExtensionService#loadCommonJSModule /home/zhou/.vscode/extensions/vscjava.vscode-java-dependency-0.5.0/dist/extension
[2019-06-12 01:34:16.647] [exthost] [info] ExtensionService#_doActivateExtension yaozheng.vscode-pde {"startup":false,"activationEvent":"onLanguage:java"}
[2019-06-12 01:34:16.647] [exthost] [info] ExtensionService#loadCommonJSModule /home/zhou/.vscode/extensions/yaozheng.vscode-pde-0.1.0/out/src/extension
[2019-06-12 01:34:16.760] [exthost] [info] ExtensionService#_doActivateExtension vscjava.vscode-java-test {"startup":false,"activationEvent":"onLanguage:java"}
[2019-06-12 01:34:16.765] [exthost] [info] ExtensionService#loadCommonJSModule /home/zhou/.vscode/extensions/vscjava.vscode-java-test-0.18.0/dist/extension
