[2019-06-11 21:15:12.869] [renderer1] [error] Tree element not found: [object Object]: Error: Tree element not found: [object Object]
    at s.getElementLocation (file:///home/zhou/workspace/program/Editor/Vscode/install/VSCode-linux-x64/resources/app/out/vs/workbench/workbench.main.js:94:674)
    at s.isCollapsed (file:///home/zhou/workspace/program/Editor/Vscode/install/VSCode-linux-x64/resources/app/out/vs/workbench/workbench.main.js:94:14)
    at j.isCollapsed (file:///home/zhou/workspace/program/Editor/Vscode/install/VSCode-linux-x64/resources/app/out/vs/workbench/workbench.main.js:944:910)
    at W.revealMarkersForCurrentActiveEditor (file:///home/zhou/workspace/program/Editor/Vscode/install/VSCode-linux-x64/resources/app/out/vs/workbench/workbench.main.js:5331:345)
    at W.autoReveal (file:///home/zhou/workspace/program/Editor/Vscode/install/VSCode-linux-x64/resources/app/out/vs/workbench/workbench.main.js:5331:202)
    at W.onActiveEditorChanged (file:///home/zhou/workspace/program/Editor/Vscode/install/VSCode-linux-x64/resources/app/out/vs/workbench/workbench.main.js:5328:531)
    at W._register.e (file:///home/zhou/workspace/program/Editor/Vscode/install/VSCode-linux-x64/resources/app/out/vs/workbench/workbench.main.js:5327:572)
    at d.fire (file:///home/zhou/workspace/program/Editor/Vscode/install/VSCode-linux-x64/resources/app/out/vs/workbench/workbench.main.js:77:838)
    at setTimeout (file:///home/zhou/workspace/program/Editor/Vscode/install/VSCode-linux-x64/resources/app/out/vs/workbench/workbench.main.js:74:483)
[2019-06-11 21:15:25.143] [renderer1] [error] No workspace found
[2019-06-11 21:15:30.853] [renderer1] [error] No workspace found
[2019-06-11 21:15:32.454] [renderer1] [error] No workspace found
[2019-06-11 21:15:38.985] [renderer1] [error] No workspace found
[2019-06-11 21:15:40.333] [renderer1] [error] No workspace found
[2019-06-11 21:15:41.914] [renderer1] [error] No workspace found
[2019-06-11 21:15:43.031] [renderer1] [error] No workspace found
[2019-06-11 21:15:44.642] [renderer1] [error] No workspace found
[2019-06-11 21:15:45.876] [renderer1] [error] No workspace found
[2019-06-11 21:15:46.978] [renderer1] [error] No workspace found
[2019-06-11 21:15:48.004] [renderer1] [error] No workspace found
[2019-06-11 21:15:49.293] [renderer1] [error] No workspace found
[2019-06-11 21:15:57.040] [renderer1] [error] No workspace found
[2019-06-11 21:15:59.748] [renderer1] [error] No workspace found
[2019-06-11 21:16:02.952] [renderer1] [error] No workspace found
[2019-06-11 21:16:04.040] [renderer1] [error] No workspace found
[2019-06-11 21:16:05.781] [renderer1] [error] No workspace found
[2019-06-11 21:16:06.865] [renderer1] [error] No workspace found
[2019-06-11 21:16:08.840] [renderer1] [error] No workspace found
[2019-06-11 21:16:15.115] [renderer1] [error] No workspace found
[2019-06-11 21:16:16.172] [renderer1] [error] No workspace found
[2019-06-11 21:16:18.445] [renderer1] [error] No workspace found
[2019-06-11 21:16:22.777] [renderer1] [error] No workspace found
[2019-06-11 21:16:25.348] [renderer1] [error] No workspace found
[2019-06-11 21:16:27.465] [renderer1] [error] No workspace found
[2019-06-11 21:16:28.506] [renderer1] [error] No workspace found
[2019-06-11 21:16:30.264] [renderer1] [error] No workspace found
[2019-06-11 21:16:36.010] [renderer1] [error] No workspace found
[2019-06-11 21:16:37.446] [renderer1] [error] No workspace found
[2019-06-11 21:16:39.063] [renderer1] [error] No workspace found
[2019-06-11 21:16:40.860] [renderer1] [error] No workspace found
[2019-06-11 21:16:42.316] [renderer1] [error] No workspace found
[2019-06-11 21:16:44.211] [renderer1] [error] No workspace found
[2019-06-11 21:16:45.285] [renderer1] [error] No workspace found
[2019-06-11 21:16:50.150] [renderer1] [error] No workspace found
[2019-06-11 21:16:51.195] [renderer1] [error] No workspace found
[2019-06-11 21:16:58.358] [renderer1] [error] No workspace found
[2019-06-11 21:17:00.354] [renderer1] [error] No workspace found
[2019-06-11 21:18:07.215] [renderer1] [error] No workspace found
[2019-06-11 21:18:08.340] [renderer1] [error] No workspace found
[2019-06-11 21:18:10.306] [renderer1] [error] No workspace found
[2019-06-11 21:18:11.347] [renderer1] [error] No workspace found
[2019-06-11 21:18:15.630] [renderer1] [error] No workspace found
[2019-06-11 21:18:16.858] [renderer1] [error] No workspace found
[2019-06-11 21:18:18.067] [renderer1] [error] No workspace found
[2019-06-11 21:18:19.115] [renderer1] [error] No workspace found
[2019-06-11 21:18:38.020] [renderer1] [error] No workspace found
[2019-06-11 21:18:39.057] [renderer1] [error] No workspace found
[2019-06-11 21:19:00.660] [renderer1] [error] No workspace found
[2019-06-11 21:19:02.047] [renderer1] [error] No workspace found
[2019-06-11 21:19:03.443] [renderer1] [error] No workspace found
[2019-06-11 21:19:04.630] [renderer1] [error] No workspace found
[2019-06-11 21:19:09.872] [renderer1] [error] No workspace found
[2019-06-11 21:19:12.645] [renderer1] [error] No workspace found
[2019-06-11 21:19:13.678] [renderer1] [error] No workspace found
[2019-06-11 21:19:14.735] [renderer1] [error] No workspace found
[2019-06-11 21:19:15.772] [renderer1] [error] No workspace found
[2019-06-11 21:19:18.649] [renderer1] [error] No workspace found
[2019-06-11 21:19:20.746] [renderer1] [error] No workspace found
[2019-06-11 21:19:22.219] [renderer1] [error] No workspace found
[2019-06-11 21:19:23.414] [renderer1] [error] No workspace found
[2019-06-11 21:19:28.314] [renderer1] [error] No workspace found
[2019-06-11 21:19:29.407] [renderer1] [error] No workspace found
[2019-06-11 21:19:30.749] [renderer1] [error] No workspace found
[2019-06-11 21:19:32.126] [renderer1] [error] No workspace found
[2019-06-11 21:19:33.286] [renderer1] [error] No workspace found
[2019-06-11 21:19:35.252] [renderer1] [error] No workspace found
[2019-06-11 21:19:36.270] [renderer1] [error] No workspace found
[2019-06-11 21:19:38.353] [renderer1] [error] No workspace found
[2019-06-11 21:19:39.641] [renderer1] [error] No workspace found
[2019-06-11 21:19:41.364] [renderer1] [error] No workspace found
[2019-06-11 21:20:03.778] [renderer1] [error] No workspace found
[2019-06-11 21:20:04.824] [renderer1] [error] No workspace found
[2019-06-11 21:20:06.465] [renderer1] [error] No workspace found
[2019-06-11 21:20:08.033] [renderer1] [error] No workspace found
[2019-06-11 21:20:09.625] [renderer1] [error] No workspace found
[2019-06-11 21:20:10.819] [renderer1] [error] No workspace found
[2019-06-11 21:20:11.913] [renderer1] [error] No workspace found
[2019-06-11 21:20:13.817] [renderer1] [error] No workspace found
[2019-06-11 21:20:15.088] [renderer1] [error] No workspace found
[2019-06-11 21:20:17.032] [renderer1] [error] No workspace found
[2019-06-11 21:20:18.157] [renderer1] [error] No workspace found
[2019-06-11 21:20:19.445] [renderer1] [error] No workspace found
[2019-06-11 21:20:21.438] [renderer1] [error] No workspace found
[2019-06-11 21:20:23.670] [renderer1] [error] No workspace found
[2019-06-11 21:20:24.713] [renderer1] [error] No workspace found
[2019-06-11 21:20:27.021] [renderer1] [error] No workspace found
[2019-06-11 21:20:29.339] [renderer1] [error] No workspace found
[2019-06-11 21:20:30.408] [renderer1] [error] No workspace found
[2019-06-11 21:20:32.943] [renderer1] [error] No workspace found
[2019-06-11 21:20:43.941] [renderer1] [error] No workspace found
[2019-06-11 21:20:45.038] [renderer1] [error] No workspace found
[2019-06-11 21:20:46.338] [renderer1] [error] No workspace found
[2019-06-11 21:20:50.603] [renderer1] [error] No workspace found
[2019-06-11 21:20:52.235] [renderer1] [error] No workspace found
[2019-06-11 21:20:53.270] [renderer1] [error] No workspace found
[2019-06-11 21:20:56.952] [renderer1] [error] No workspace found
[2019-06-11 21:20:58.843] [renderer1] [error] No workspace found
[2019-06-11 21:21:00.417] [renderer1] [error] No workspace found
[2019-06-11 21:21:01.899] [renderer1] [error] No workspace found
[2019-06-11 21:21:04.604] [renderer1] [error] No workspace found
[2019-06-11 21:21:06.163] [renderer1] [error] No workspace found
[2019-06-11 21:21:07.455] [renderer1] [error] No workspace found
[2019-06-11 21:21:11.460] [renderer1] [error] No workspace found
[2019-06-11 21:21:14.385] [renderer1] [error] No workspace found
[2019-06-11 21:21:20.598] [renderer1] [error] No workspace found
[2019-06-11 21:21:23.903] [renderer1] [error] No workspace found
[2019-06-11 21:21:25.259] [renderer1] [error] No workspace found
[2019-06-11 21:21:26.379] [renderer1] [error] No workspace found
[2019-06-11 21:21:28.511] [renderer1] [error] No workspace found
[2019-06-11 21:21:29.622] [renderer1] [error] No workspace found
[2019-06-11 21:21:30.676] [renderer1] [error] No workspace found
[2019-06-11 21:21:31.902] [renderer1] [error] No workspace found
[2019-06-11 21:22:13.518] [renderer1] [error] Tree element not found: [object Object]: Error: Tree element not found: [object Object]
    at s.getElementLocation (file:///home/zhou/workspace/program/Editor/Vscode/install/VSCode-linux-x64/resources/app/out/vs/workbench/workbench.main.js:94:674)
    at s.isCollapsed (file:///home/zhou/workspace/program/Editor/Vscode/install/VSCode-linux-x64/resources/app/out/vs/workbench/workbench.main.js:94:14)
    at j.isCollapsed (file:///home/zhou/workspace/program/Editor/Vscode/install/VSCode-linux-x64/resources/app/out/vs/workbench/workbench.main.js:944:910)
    at W.revealMarkersForCurrentActiveEditor (file:///home/zhou/workspace/program/Editor/Vscode/install/VSCode-linux-x64/resources/app/out/vs/workbench/workbench.main.js:5331:345)
    at W.autoReveal (file:///home/zhou/workspace/program/Editor/Vscode/install/VSCode-linux-x64/resources/app/out/vs/workbench/workbench.main.js:5331:202)
    at W.onActiveEditorChanged (file:///home/zhou/workspace/program/Editor/Vscode/install/VSCode-linux-x64/resources/app/out/vs/workbench/workbench.main.js:5328:531)
    at W._register.e (file:///home/zhou/workspace/program/Editor/Vscode/install/VSCode-linux-x64/resources/app/out/vs/workbench/workbench.main.js:5327:572)
    at d.fire (file:///home/zhou/workspace/program/Editor/Vscode/install/VSCode-linux-x64/resources/app/out/vs/workbench/workbench.main.js:77:838)
    at setTimeout (file:///home/zhou/workspace/program/Editor/Vscode/install/VSCode-linux-x64/resources/app/out/vs/workbench/workbench.main.js:74:483)
[2019-06-11 21:22:42.709] [renderer1] [error] Tree element not found: [object Object]: Error: Tree element not found: [object Object]
    at s.getElementLocation (file:///home/zhou/workspace/program/Editor/Vscode/install/VSCode-linux-x64/resources/app/out/vs/workbench/workbench.main.js:94:674)
    at s.isCollapsed (file:///home/zhou/workspace/program/Editor/Vscode/install/VSCode-linux-x64/resources/app/out/vs/workbench/workbench.main.js:94:14)
    at j.isCollapsed (file:///home/zhou/workspace/program/Editor/Vscode/install/VSCode-linux-x64/resources/app/out/vs/workbench/workbench.main.js:944:910)
    at W.revealMarkersForCurrentActiveEditor (file:///home/zhou/workspace/program/Editor/Vscode/install/VSCode-linux-x64/resources/app/out/vs/workbench/workbench.main.js:5331:345)
    at W.autoReveal (file:///home/zhou/workspace/program/Editor/Vscode/install/VSCode-linux-x64/resources/app/out/vs/workbench/workbench.main.js:5331:202)
    at W.onActiveEditorChanged (file:///home/zhou/workspace/program/Editor/Vscode/install/VSCode-linux-x64/resources/app/out/vs/workbench/workbench.main.js:5328:531)
    at W._register.e (file:///home/zhou/workspace/program/Editor/Vscode/install/VSCode-linux-x64/resources/app/out/vs/workbench/workbench.main.js:5327:572)
    at d.fire (file:///home/zhou/workspace/program/Editor/Vscode/install/VSCode-linux-x64/resources/app/out/vs/workbench/workbench.main.js:77:838)
    at setTimeout (file:///home/zhou/workspace/program/Editor/Vscode/install/VSCode-linux-x64/resources/app/out/vs/workbench/workbench.main.js:74:483)
[2019-06-11 21:22:45.693] [renderer1] [error] Tree element not found: [object Object]: Error: Tree element not found: [object Object]
    at s.getElementLocation (file:///home/zhou/workspace/program/Editor/Vscode/install/VSCode-linux-x64/resources/app/out/vs/workbench/workbench.main.js:94:674)
    at s.isCollapsed (file:///home/zhou/workspace/program/Editor/Vscode/install/VSCode-linux-x64/resources/app/out/vs/workbench/workbench.main.js:94:14)
    at j.isCollapsed (file:///home/zhou/workspace/program/Editor/Vscode/install/VSCode-linux-x64/resources/app/out/vs/workbench/workbench.main.js:944:910)
    at W.revealMarkersForCurrentActiveEditor (file:///home/zhou/workspace/program/Editor/Vscode/install/VSCode-linux-x64/resources/app/out/vs/workbench/workbench.main.js:5331:345)
    at W.autoReveal (file:///home/zhou/workspace/program/Editor/Vscode/install/VSCode-linux-x64/resources/app/out/vs/workbench/workbench.main.js:5331:202)
    at W.onActiveEditorChanged (file:///home/zhou/workspace/program/Editor/Vscode/install/VSCode-linux-x64/resources/app/out/vs/workbench/workbench.main.js:5328:531)
    at W._register.e (file:///home/zhou/workspace/program/Editor/Vscode/install/VSCode-linux-x64/resources/app/out/vs/workbench/workbench.main.js:5327:572)
    at d.fire (file:///home/zhou/workspace/program/Editor/Vscode/install/VSCode-linux-x64/resources/app/out/vs/workbench/workbench.main.js:77:838)
    at setTimeout (file:///home/zhou/workspace/program/Editor/Vscode/install/VSCode-linux-x64/resources/app/out/vs/workbench/workbench.main.js:74:483)
[2019-06-11 21:23:32.353] [renderer1] [error] No workspace found
[2019-06-11 21:23:40.009] [renderer1] [error] No workspace found
[2019-06-11 21:23:48.932] [renderer1] [error] No workspace found
[2019-06-11 21:23:50.231] [renderer1] [error] No workspace found
[2019-06-11 21:23:51.882] [renderer1] [error] No workspace found
[2019-06-11 21:24:47.780] [renderer1] [error] No workspace found
[2019-06-11 21:24:49.089] [renderer1] [error] No workspace found
[2019-06-11 21:24:53.429] [renderer1] [error] No workspace found
[2019-06-11 21:24:56.835] [renderer1] [error] No workspace found
[2019-06-11 21:24:58.379] [renderer1] [error] No workspace found
[2019-06-11 21:25:01.372] [renderer1] [error] No workspace found
[2019-06-11 21:25:06.939] [renderer1] [error] No workspace found
[2019-06-11 21:25:08.352] [renderer1] [error] No workspace found
[2019-06-11 21:25:10.412] [renderer1] [error] No workspace found
[2019-06-11 21:25:12.900] [renderer1] [error] No workspace found
[2019-06-11 21:25:15.200] [renderer1] [error] No workspace found
[2019-06-11 21:25:16.515] [renderer1] [error] No workspace found
[2019-06-11 21:25:17.902] [renderer1] [error] No workspace found
[2019-06-11 21:25:34.891] [renderer1] [error] No workspace found
[2019-06-11 21:25:37.710] [renderer1] [error] No workspace found
[2019-06-11 21:25:39.364] [renderer1] [error] No workspace found
[2019-06-11 21:25:41.850] [renderer1] [error] No workspace found
[2019-06-11 21:25:44.014] [renderer1] [error] No workspace found
[2019-06-11 21:25:45.132] [renderer1] [error] No workspace found
[2019-06-11 21:25:48.885] [renderer1] [error] No workspace found
[2019-06-11 21:25:50.392] [renderer1] [error] No workspace found
[2019-06-11 21:25:51.625] [renderer1] [error] No workspace found
[2019-06-11 21:26:26.529] [renderer1] [error] No workspace found
[2019-06-11 21:26:28.980] [renderer1] [error] No workspace found
[2019-06-11 21:26:30.107] [renderer1] [error] No workspace found
[2019-06-11 21:26:39.776] [renderer1] [error] No workspace found
[2019-06-11 21:26:43.077] [renderer1] [error] No workspace found
[2019-06-11 21:26:47.667] [renderer1] [error] No workspace found
[2019-06-11 21:26:48.741] [renderer1] [error] No workspace found
[2019-06-11 21:26:55.835] [renderer1] [error] No workspace found
[2019-06-11 21:26:58.522] [renderer1] [error] No workspace found
[2019-06-11 21:27:17.913] [renderer1] [error] No workspace found
[2019-06-11 21:27:18.978] [renderer1] [error] No workspace found
[2019-06-11 21:27:20.109] [renderer1] [error] No workspace found
[2019-06-11 21:27:21.485] [renderer1] [error] No workspace found
[2019-06-11 21:27:22.731] [renderer1] [error] No workspace found
[2019-06-11 21:27:23.863] [renderer1] [error] No workspace found
[2019-06-11 21:27:24.905] [renderer1] [error] No workspace found
[2019-06-11 21:28:28.733] [renderer1] [error] No workspace found
[2019-06-11 21:28:31.274] [renderer1] [error] No workspace found
[2019-06-11 21:28:32.278] [renderer1] [error] No workspace found
[2019-06-11 21:28:33.974] [renderer1] [error] No workspace found
[2019-06-11 21:29:44.236] [renderer1] [error] No workspace found
[2019-06-11 21:29:55.811] [renderer1] [error] No workspace found
[2019-06-11 21:29:57.131] [renderer1] [error] No workspace found
[2019-06-11 21:29:58.952] [renderer1] [error] No workspace found
[2019-06-11 21:30:00.404] [renderer1] [error] No workspace found
[2019-06-11 21:31:47.862] [renderer1] [error] No workspace found
[2019-06-11 21:31:50.593] [renderer1] [error] No workspace found
[2019-06-11 21:31:51.793] [renderer1] [error] No workspace found
[2019-06-11 21:31:52.878] [renderer1] [error] No workspace found
[2019-06-11 21:31:54.836] [renderer1] [error] No workspace found
[2019-06-11 21:31:58.449] [renderer1] [error] No workspace found
[2019-06-11 21:32:00.784] [renderer1] [error] No workspace found
[2019-06-11 21:32:01.838] [renderer1] [error] No workspace found
[2019-06-11 21:32:08.944] [renderer1] [error] No workspace found
[2019-06-11 21:32:10.313] [renderer1] [error] No workspace found
[2019-06-11 21:32:12.426] [renderer1] [error] No workspace found
[2019-06-11 21:32:13.568] [renderer1] [error] No workspace found
[2019-06-11 21:32:16.893] [renderer1] [error] No workspace found
[2019-06-11 21:32:19.455] [renderer1] [error] No workspace found
[2019-06-11 21:32:20.608] [renderer1] [error] No workspace found
[2019-06-11 21:32:22.336] [renderer1] [error] No workspace found
[2019-06-11 21:32:23.403] [renderer1] [error] No workspace found
[2019-06-11 21:32:26.694] [renderer1] [error] No workspace found
[2019-06-11 21:32:29.867] [renderer1] [error] No workspace found
[2019-06-11 21:32:31.153] [renderer1] [error] No workspace found
[2019-06-11 21:32:33.893] [renderer1] [error] No workspace found
[2019-06-11 21:32:35.023] [renderer1] [error] No workspace found
[2019-06-11 21:32:36.333] [renderer1] [error] No workspace found
[2019-06-11 21:32:37.818] [renderer1] [error] No workspace found
[2019-06-11 21:33:01.948] [renderer1] [error] No workspace found
[2019-06-11 21:33:07.813] [renderer1] [error] No workspace found
[2019-06-11 21:33:09.192] [renderer1] [error] No workspace found
[2019-06-11 21:33:10.737] [renderer1] [error] No workspace found
[2019-06-11 21:34:08.176] [renderer1] [error] No workspace found
[2019-06-11 21:35:16.168] [renderer1] [error] No workspace found
[2019-06-11 21:35:40.288] [renderer1] [error] No workspace found
[2019-06-11 21:35:41.344] [renderer1] [error] No workspace found
[2019-06-11 21:36:04.519] [renderer1] [error] No workspace found
[2019-06-11 21:36:05.872] [renderer1] [error] No workspace found
[2019-06-11 21:36:11.126] [renderer1] [error] No workspace found
[2019-06-11 21:36:12.421] [renderer1] [error] No workspace found
[2019-06-11 21:36:13.745] [renderer1] [error] No workspace found
[2019-06-11 21:36:21.071] [renderer1] [error] No workspace found
[2019-06-11 21:36:22.246] [renderer1] [error] No workspace found
[2019-06-11 21:36:28.380] [renderer1] [error] No workspace found
[2019-06-11 21:38:05.925] [renderer1] [error] Tree element not found: [object Object]: Error: Tree element not found: [object Object]
    at s.getElementLocation (file:///home/zhou/workspace/program/Editor/Vscode/install/VSCode-linux-x64/resources/app/out/vs/workbench/workbench.main.js:94:674)
    at s.isCollapsed (file:///home/zhou/workspace/program/Editor/Vscode/install/VSCode-linux-x64/resources/app/out/vs/workbench/workbench.main.js:94:14)
    at j.isCollapsed (file:///home/zhou/workspace/program/Editor/Vscode/install/VSCode-linux-x64/resources/app/out/vs/workbench/workbench.main.js:944:910)
    at W.revealMarkersForCurrentActiveEditor (file:///home/zhou/workspace/program/Editor/Vscode/install/VSCode-linux-x64/resources/app/out/vs/workbench/workbench.main.js:5331:345)
    at W.autoReveal (file:///home/zhou/workspace/program/Editor/Vscode/install/VSCode-linux-x64/resources/app/out/vs/workbench/workbench.main.js:5331:202)
    at W.onActiveEditorChanged (file:///home/zhou/workspace/program/Editor/Vscode/install/VSCode-linux-x64/resources/app/out/vs/workbench/workbench.main.js:5328:531)
    at W._register.e (file:///home/zhou/workspace/program/Editor/Vscode/install/VSCode-linux-x64/resources/app/out/vs/workbench/workbench.main.js:5327:572)
    at d.fire (file:///home/zhou/workspace/program/Editor/Vscode/install/VSCode-linux-x64/resources/app/out/vs/workbench/workbench.main.js:77:838)
    at setTimeout (file:///home/zhou/workspace/program/Editor/Vscode/install/VSCode-linux-x64/resources/app/out/vs/workbench/workbench.main.js:74:483)
