Initializing document watcher...
Detected change in configuration: {}
Untitled-1.txt: {}
Untitled-1.txt: {}
No more open editors.
Untitled-1.txt: {}
/home/zhou/a.java: {}
/home/zhou/a.java: {}
Detected change in configuration: {}
Detected change in configuration: {}
Detected change in configuration: {}
/home/zhou/a.java: {}
/home/zhou/a.java: Using EditorConfig core...
/home/zhou/a.java: Using EditorConfig core...
/home/zhou/a.java: Using EditorConfig core...
/home/zhou/a.java: {}
/home/zhou/a.java: {}
Untitled-1.txt: {}
Untitled-1.txt: {}
/home/zhou/b.java: Using EditorConfig core...
/home/zhou/b.java: {}
/home/zhou/b.java: Using EditorConfig core...
/home/zhou/b.java: Using EditorConfig core...
/home/zhou/b.java: Using EditorConfig core...
/home/zhou/b.java: Using EditorConfig core...
/home/zhou/b.java: Using EditorConfig core...
/home/zhou/b.java: Using EditorConfig core...
/home/zhou/b.java: Using EditorConfig core...
/home/zhou/b.java: Using EditorConfig core...
/home/zhou/b.java: Using EditorConfig core...
/home/zhou/b.java: Using EditorConfig core...
/home/zhou/b.java: Using EditorConfig core...
/home/zhou/b.java: Using EditorConfig core...
/home/zhou/b.java: Using EditorConfig core...
/home/zhou/b.java: Using EditorConfig core...
/home/zhou/b.java: Using EditorConfig core...
/home/zhou/b.java: Using EditorConfig core...
/home/zhou/b.java: Using EditorConfig core...
/home/zhou/b.java: Using EditorConfig core...
/home/zhou/b.java: Using EditorConfig core...
/home/zhou/b.java: Using EditorConfig core...
/home/zhou/b.java: Using EditorConfig core...
/home/zhou/b.java: Using EditorConfig core...
/home/zhou/b.java: Using EditorConfig core...
/home/zhou/b.java: Using EditorConfig core...
/home/zhou/b.java: Using EditorConfig core...
/home/zhou/b.java: Using EditorConfig core...
/home/zhou/b.java: Using EditorConfig core...
/home/zhou/b.java: Using EditorConfig core...
/home/zhou/b.java: Using EditorConfig core...
/home/zhou/b.java: Using EditorConfig core...
/home/zhou/b.java: Using EditorConfig core...
/home/zhou/b.java: Using EditorConfig core...
/home/zhou/b.java: Using EditorConfig core...
/home/zhou/b.java: Using EditorConfig core...
/home/zhou/b.java: Using EditorConfig core...
/home/zhou/b.java: Using EditorConfig core...
/home/zhou/b.java: Using EditorConfig core...
/home/zhou/b.java: Using EditorConfig core...
/home/zhou/b.java: Using EditorConfig core...
/home/zhou/b.java: Using EditorConfig core...
/home/zhou/b.java: Using EditorConfig core...
/home/zhou/b.java: Using EditorConfig core...
/home/zhou/b.java: Using EditorConfig core...
/home/zhou/b.java: Using EditorConfig core...
/home/zhou/b.java: Using EditorConfig core...
/home/zhou/b.java: Using EditorConfig core...
/home/zhou/b.java: Using EditorConfig core...
/home/zhou/b.java: Using EditorConfig core...
/home/zhou/b.java: Using EditorConfig core...
/home/zhou/b.java: Using EditorConfig core...
/home/zhou/b.java: Using EditorConfig core...
/home/zhou/b.java: Using EditorConfig core...
/home/zhou/b.java: Using EditorConfig core...
/home/zhou/b.java: Using EditorConfig core...
/home/zhou/b.java: Using EditorConfig core...
/home/zhou/b.java: Using EditorConfig core...
/home/zhou/b.java: Using EditorConfig core...
/home/zhou/b.java: Using EditorConfig core...
/home/zhou/b.java: Using EditorConfig core...
/home/zhou/b.java: Using EditorConfig core...
/home/zhou/b.java: Using EditorConfig core...
/home/zhou/b.java: Using EditorConfig core...
/home/zhou/b.java: Using EditorConfig core...
/home/zhou/b.java: Using EditorConfig core...
/home/zhou/b.java: Using EditorConfig core...
/home/zhou/b.java: Using EditorConfig core...
/home/zhou/b.java: {}
/home/zhou/b.java: Using EditorConfig core...
/home/zhou/b.java: {}
extension-output-#14: {}
/home/zhou/b.java: {}
/home/zhou/b.java: Using EditorConfig core...
/home/zhou/b.java: Using EditorConfig core...
/home/zhou/b.java: Using EditorConfig core...
/home/zhou/b.java: Using EditorConfig core...
/home/zhou/b.java: {}
/home/zhou/b.java: {}
