[2019-06-12 17:02:09.423] [exthost] [info] extension host started
[2019-06-12 17:02:09.476] [exthost] [info] ExtensionService#_doActivateExtension vscode.debug-auto-launch {"startup":true,"activationEvent":"*"}
[2019-06-12 17:02:09.476] [exthost] [info] ExtensionService#loadCommonJSModule /home/zhou/workspace/program/Editor/Vscode/install/VSCode-linux-x64/resources/app/extensions/debug-auto-launch/dist/extension
[2019-06-12 17:02:09.481] [exthost] [info] ExtensionService#_doActivateExtension vscode.emmet {"startup":true,"activationEvent":"*"}
[2019-06-12 17:02:09.481] [exthost] [info] ExtensionService#loadCommonJSModule /home/zhou/workspace/program/Editor/Vscode/install/VSCode-linux-x64/resources/app/extensions/emmet/dist/extension
[2019-06-12 17:02:09.499] [exthost] [info] ExtensionService#_doActivateExtension vscode.git {"startup":true,"activationEvent":"*"}
[2019-06-12 17:02:09.499] [exthost] [info] ExtensionService#loadCommonJSModule /home/zhou/workspace/program/Editor/Vscode/install/VSCode-linux-x64/resources/app/extensions/git/dist/main
[2019-06-12 17:02:09.604] [exthost] [info] ExtensionService#_doActivateExtension vscode.merge-conflict {"startup":true,"activationEvent":"*"}
[2019-06-12 17:02:09.604] [exthost] [info] ExtensionService#loadCommonJSModule /home/zhou/workspace/program/Editor/Vscode/install/VSCode-linux-x64/resources/app/extensions/merge-conflict/dist/extension
[2019-06-12 17:02:09.611] [exthost] [info] ExtensionService#_doActivateExtension alefragnani.project-manager {"startup":true,"activationEvent":"*"}
[2019-06-12 17:02:09.611] [exthost] [info] ExtensionService#loadCommonJSModule /home/zhou/.vscode/extensions/alefragnani.project-manager-10.5.2/dist/extension
[2019-06-12 17:02:09.621] [exthost] [info] ExtensionService#_doActivateExtension christian-kohler.path-intellisense {"startup":true,"activationEvent":"*"}
[2019-06-12 17:02:09.621] [exthost] [info] ExtensionService#loadCommonJSModule /home/zhou/.vscode/extensions/christian-kohler.path-intellisense-1.4.2/out/src/extension
[2019-06-12 17:02:09.630] [exthost] [info] ExtensionService#_doActivateExtension CoenraadS.bracket-pair-colorizer {"startup":true,"activationEvent":"*"}
[2019-06-12 17:02:09.630] [exthost] [info] ExtensionService#loadCommonJSModule /home/zhou/.vscode/extensions/coenraads.bracket-pair-colorizer-1.0.61/out/src/extension
[2019-06-12 17:02:09.648] [exthost] [info] ExtensionService#_doActivateExtension CoenraadS.bracket-pair-colorizer-2 {"startup":true,"activationEvent":"*"}
[2019-06-12 17:02:09.648] [exthost] [info] ExtensionService#loadCommonJSModule /home/zhou/.vscode/extensions/coenraads.bracket-pair-colorizer-2-0.0.28/out/src/extension
[2019-06-12 17:02:09.666] [exthost] [info] ExtensionService#_doActivateExtension DavidHelmer.mavensmate {"startup":true,"activationEvent":"*"}
[2019-06-12 17:02:09.666] [exthost] [info] ExtensionService#loadCommonJSModule /home/zhou/.vscode/extensions/davidhelmer.mavensmate-0.16.3/out/src/extension
[2019-06-12 17:02:09.667] [exthost] [info] ExtensionService#_doActivateExtension dbaeumer.vscode-eslint {"startup":true,"activationEvent":"*"}
[2019-06-12 17:02:09.667] [exthost] [info] ExtensionService#loadCommonJSModule /home/zhou/.vscode/extensions/dbaeumer.vscode-eslint-1.9.0/client/out/extension
[2019-06-12 17:02:09.718] [exthost] [info] ExtensionService#_doActivateExtension eamodio.gitlens {"startup":true,"activationEvent":"*"}
[2019-06-12 17:02:09.718] [exthost] [info] ExtensionService#loadCommonJSModule /home/zhou/.vscode/extensions/eamodio.gitlens-9.8.2/dist/extension
[2019-06-12 17:02:09.855] [exthost] [info] ExtensionService#_doActivateExtension EditorConfig.EditorConfig {"startup":true,"activationEvent":"*"}
[2019-06-12 17:02:09.855] [exthost] [info] ExtensionService#loadCommonJSModule /home/zhou/.vscode/extensions/editorconfig.editorconfig-0.13.0/out/src/editorConfigMain
[2019-06-12 17:02:09.876] [exthost] [info] ExtensionService#_doActivateExtension Equinusocio.vsc-material-theme {"startup":true,"activationEvent":"*"}
[2019-06-12 17:02:09.876] [exthost] [info] ExtensionService#loadCommonJSModule /home/zhou/.vscode/extensions/equinusocio.vsc-material-theme-2.9.0/out/src/material.theme.config
[2019-06-12 17:02:09.883] [exthost] [info] ExtensionService#_doActivateExtension formulahendry.auto-close-tag {"startup":true,"activationEvent":"*"}
[2019-06-12 17:02:09.883] [exthost] [info] ExtensionService#loadCommonJSModule /home/zhou/.vscode/extensions/formulahendry.auto-close-tag-0.5.6/out/src/extension
[2019-06-12 17:02:09.884] [exthost] [info] ExtensionService#_doActivateExtension formulahendry.auto-rename-tag {"startup":true,"activationEvent":"*"}
[2019-06-12 17:02:09.884] [exthost] [info] ExtensionService#loadCommonJSModule /home/zhou/.vscode/extensions/formulahendry.auto-rename-tag-0.1.0/out/src/extension
[2019-06-12 17:02:09.886] [exthost] [info] ExtensionService#_doActivateExtension gabrielgrinberg.auto-run-command {"startup":true,"activationEvent":"*"}
[2019-06-12 17:02:09.886] [exthost] [info] ExtensionService#loadCommonJSModule /home/zhou/.vscode/extensions/gabrielgrinberg.auto-run-command-1.5.0/out/src/extension
[2019-06-12 17:02:09.888] [exthost] [info] ExtensionService#_doActivateExtension HookyQR.beautify {"startup":true,"activationEvent":"*"}
[2019-06-12 17:02:09.888] [exthost] [info] ExtensionService#loadCommonJSModule /home/zhou/.vscode/extensions/hookyqr.beautify-1.5.0/extension
[2019-06-12 17:02:09.951] [exthost] [info] ExtensionService#_doActivateExtension kisstkondoros.vscode-codemetrics {"startup":true,"activationEvent":"*"}
[2019-06-12 17:02:09.951] [exthost] [info] ExtensionService#loadCommonJSModule /home/zhou/.vscode/extensions/kisstkondoros.vscode-codemetrics-1.18.1/out/src/extension
[2019-06-12 17:02:10.346] [exthost] [info] ExtensionService#_doActivateExtension michelemelluso.code-beautifier {"startup":true,"activationEvent":"*"}
[2019-06-12 17:02:10.346] [exthost] [info] ExtensionService#loadCommonJSModule /home/zhou/.vscode/extensions/michelemelluso.code-beautifier-2.2.1/out/src/extension
[2019-06-12 17:02:10.369] [exthost] [info] ExtensionService#_doActivateExtension michelemelluso.gitignore {"startup":true,"activationEvent":"*"}
[2019-06-12 17:02:10.369] [exthost] [info] ExtensionService#loadCommonJSModule /home/zhou/.vscode/extensions/michelemelluso.gitignore-1.0.1/out/src/extension
[2019-06-12 17:02:10.370] [exthost] [info] ExtensionService#_doActivateExtension mkxml.vscode-filesize {"startup":true,"activationEvent":"*"}
[2019-06-12 17:02:10.370] [exthost] [info] ExtensionService#loadCommonJSModule /home/zhou/.vscode/extensions/mkxml.vscode-filesize-2.1.3/extension
[2019-06-12 17:02:10.417] [exthost] [info] ExtensionService#_doActivateExtension ms-vsliveshare.vsliveshare {"startup":true,"activationEvent":"*"}
[2019-06-12 17:02:10.417] [exthost] [info] ExtensionService#loadCommonJSModule /home/zhou/.vscode/extensions/ms-vsliveshare.vsliveshare-1.0.379/out/prod/extension-prod
[2019-06-12 17:02:11.069] [exthost] [info] ExtensionService#_doActivateExtension naumovs.color-highlight {"startup":true,"activationEvent":"*"}
[2019-06-12 17:02:11.069] [exthost] [info] ExtensionService#loadCommonJSModule /home/zhou/.vscode/extensions/naumovs.color-highlight-2.3.0/dist/extension
[2019-06-12 17:02:11.107] [exthost] [info] ExtensionService#_doActivateExtension oderwat.indent-rainbow {"startup":true,"activationEvent":"*"}
[2019-06-12 17:02:11.107] [exthost] [info] ExtensionService#loadCommonJSModule /home/zhou/.vscode/extensions/oderwat.indent-rainbow-7.4.0/out/extension
[2019-06-12 17:02:11.110] [exthost] [info] ExtensionService#_doActivateExtension Shan.code-settings-sync {"startup":true,"activationEvent":"*"}
[2019-06-12 17:02:11.110] [exthost] [info] ExtensionService#loadCommonJSModule /home/zhou/.vscode/extensions/shan.code-settings-sync-3.2.9/out/extension.js
[2019-06-12 17:02:11.285] [exthost] [info] ExtensionService#_doActivateExtension shardulm94.trailing-spaces {"startup":true,"activationEvent":"*"}
[2019-06-12 17:02:11.285] [exthost] [info] ExtensionService#loadCommonJSModule /home/zhou/.vscode/extensions/shardulm94.trailing-spaces-0.3.1/out/src/extension
[2019-06-12 17:02:11.307] [exthost] [info] ExtensionService#_doActivateExtension streetsidesoftware.code-spell-checker {"startup":true,"activationEvent":"*"}
[2019-06-12 17:02:11.307] [exthost] [info] ExtensionService#loadCommonJSModule /home/zhou/.vscode/extensions/streetsidesoftware.code-spell-checker-1.7.16/dist/extension
[2019-06-12 17:02:11.413] [exthost] [info] ExtensionService#_doActivateExtension vincaslt.highlight-matching-tag {"startup":true,"activationEvent":"*"}
[2019-06-12 17:02:11.413] [exthost] [info] ExtensionService#loadCommonJSModule /home/zhou/.vscode/extensions/vincaslt.highlight-matching-tag-0.9.2/out/src/extension
[2019-06-12 17:02:11.428] [exthost] [info] ExtensionService#_doActivateExtension weids.filesize {"startup":true,"activationEvent":"*"}
[2019-06-12 17:02:11.428] [exthost] [info] ExtensionService#loadCommonJSModule /home/zhou/.vscode/extensions/weids.filesize-1.0.1/extension
[2019-06-12 17:02:11.430] [exthost] [info] ExtensionService#_doActivateExtension wk-j.save-and-run {"startup":true,"activationEvent":"*"}
[2019-06-12 17:02:11.430] [exthost] [info] ExtensionService#loadCommonJSModule /home/zhou/.vscode/extensions/wk-j.save-and-run-0.0.21/out/src/extension
[2019-06-12 17:02:11.434] [exthost] [info] ExtensionService#_doActivateExtension YouMayCallMeV.vscode-java-saber {"startup":true,"activationEvent":"*"}
[2019-06-12 17:02:11.434] [exthost] [info] ExtensionService#loadCommonJSModule /home/zhou/.vscode/extensions/youmaycallmev.vscode-java-saber-0.1.0/extension
[2019-06-12 17:02:11.504] [exthost] [info] ExtensionService#_doActivateExtension yutent.file-stat {"startup":true,"activationEvent":"*"}
[2019-06-12 17:02:11.504] [exthost] [info] ExtensionService#loadCommonJSModule /home/zhou/.vscode/extensions/yutent.file-stat-1.1.0/index
[2019-06-12 17:02:11.505] [exthost] [info] ExtensionService#_doActivateExtension zh9528.file-size {"startup":true,"activationEvent":"*"}
[2019-06-12 17:02:11.505] [exthost] [info] ExtensionService#loadCommonJSModule /home/zhou/.vscode/extensions/zh9528.file-size-0.1.3/extension
[2019-06-12 17:02:11.508] [exthost] [info] eager extensions activated
[2019-06-12 17:02:11.740] [exthost] [info] ExtensionService#_doActivateExtension PeterJausovec.vscode-docker {"startup":false,"activationEvent":"onView:dockerExplorer"}
[2019-06-12 17:02:11.740] [exthost] [info] ExtensionService#loadCommonJSModule /home/zhou/.vscode/extensions/peterjausovec.vscode-docker-0.6.2/main
[2019-06-12 17:02:13.028] [exthost] [info] ExtensionService#_doActivateExtension ms-vscode.azure-account {"startup":false}
[2019-06-12 17:02:13.028] [exthost] [info] ExtensionService#loadCommonJSModule /home/zhou/.vscode/extensions/ms-vscode.azure-account-0.8.4/dist/extension
[2019-06-12 17:02:14.577] [exthost] [info] ExtensionService#_doActivateExtension ms-azuretools.vscode-azurefunctions {"startup":false,"activationEvent":"onView:azureFunctionsExplorer"}
[2019-06-12 17:02:14.577] [exthost] [info] ExtensionService#loadCommonJSModule /home/zhou/.vscode/extensions/ms-azuretools.vscode-azurefunctions-0.17.1/main.js
[2019-06-12 17:02:18.598] [exthost] [info] ExtensionService#_doActivateExtension ms-vsliveshare.vsliveshare-audio {"startup":true,"activationEvent":"*"}
[2019-06-12 17:02:18.598] [exthost] [info] ExtensionService#loadCommonJSModule /home/zhou/.vscode/extensions/ms-vsliveshare.vsliveshare-audio-0.1.50/out/extension
[2019-06-12 17:03:02.128] [exthost] [info] ExtensionService#_doActivateExtension redhat.java {"startup":false,"activationEvent":"onView:testExplorer"}
[2019-06-12 17:03:02.128] [exthost] [info] ExtensionService#loadCommonJSModule /home/zhou/.vscode/extensions/redhat.java-0.46.0/dist/extension
[2019-06-12 17:03:08.519] [exthost] [info] ExtensionService#_doActivateExtension vscjava.vscode-java-debug {"startup":false,"activationEvent":"onView:testExplorer"}
[2019-06-12 17:03:08.519] [exthost] [info] ExtensionService#loadCommonJSModule /home/zhou/.vscode/extensions/vscjava.vscode-java-debug-0.19.0/dist/extension
[2019-06-12 17:03:08.679] [exthost] [info] ExtensionService#_doActivateExtension vscjava.vscode-java-test {"startup":false,"activationEvent":"onView:testExplorer"}
[2019-06-12 17:03:08.679] [exthost] [info] ExtensionService#loadCommonJSModule /home/zhou/.vscode/extensions/vscjava.vscode-java-test-0.18.0/dist/extension
[2019-06-12 17:03:13.422] [exthost] [info] ExtensionService#_doActivateExtension shengchen.vscode-leetcode {"startup":false,"activationEvent":"onView:leetCodeExplorer"}
[2019-06-12 17:03:13.422] [exthost] [info] ExtensionService#loadCommonJSModule /home/zhou/.vscode/extensions/shengchen.vscode-leetcode-0.15.0/out/src/extension
